info: ::1 - - [07/Feb/2022:18:35:42 +0000] "OPTIONS /api/v1/book/book HTTP/1.1" 204 0 "http://localhost:3000/" "Mozilla/5.0 (Windows NT 10.0; Win64; x64) AppleWebKit/537.36 (KHTML, like Gecko) Chrome/97.0.4692.99 Safari/537.36"

info: ::1 - - [07/Feb/2022:18:35:42 +0000] "GET /api/v1/book/book HTTP/1.1" 304 - "http://localhost:3000/" "Mozilla/5.0 (Windows NT 10.0; Win64; x64) AppleWebKit/537.36 (KHTML, like Gecko) Chrome/97.0.4692.99 Safari/537.36"

info: ::1 - - [07/Feb/2022:18:37:56 +0000] "OPTIONS /api/v1/book/book HTTP/1.1" 204 0 "http://localhost:3000/" "Mozilla/5.0 (Windows NT 10.0; Win64; x64) AppleWebKit/537.36 (KHTML, like Gecko) Chrome/97.0.4692.99 Safari/537.36"

info: ::1 - - [07/Feb/2022:18:37:56 +0000] "GET /api/v1/book/book HTTP/1.1" 304 - "http://localhost:3000/" "Mozilla/5.0 (Windows NT 10.0; Win64; x64) AppleWebKit/537.36 (KHTML, like Gecko) Chrome/97.0.4692.99 Safari/537.36"

info: ::1 - - [07/Feb/2022:18:38:21 +0000] "OPTIONS /api/v1/user/signin HTTP/1.1" 204 0 "http://localhost:3000/" "Mozilla/5.0 (Windows NT 10.0; Win64; x64) AppleWebKit/537.36 (KHTML, like Gecko) Chrome/97.0.4692.99 Safari/537.36"

info: ::1 - - [07/Feb/2022:18:38:21 +0000] "POST /api/v1/user/signin HTTP/1.1" 200 364 "http://localhost:3000/" "Mozilla/5.0 (Windows NT 10.0; Win64; x64) AppleWebKit/537.36 (KHTML, like Gecko) Chrome/97.0.4692.99 Safari/537.36"

info: ::1 - - [07/Feb/2022:18:38:29 +0000] "OPTIONS /api/v1/book/book HTTP/1.1" 204 0 "http://localhost:3000/" "Mozilla/5.0 (Windows NT 10.0; Win64; x64) AppleWebKit/537.36 (KHTML, like Gecko) Chrome/97.0.4692.99 Safari/537.36"

info: ::1 - - [07/Feb/2022:18:38:29 +0000] "GET /api/v1/book/book HTTP/1.1" 304 - "http://localhost:3000/" "Mozilla/5.0 (Windows NT 10.0; Win64; x64) AppleWebKit/537.36 (KHTML, like Gecko) Chrome/97.0.4692.99 Safari/537.36"

info: ::1 - - [07/Feb/2022:18:40:38 +0000] "OPTIONS /api/v1/wishlist/wishlist HTTP/1.1" 204 0 "http://localhost:3000/" "Mozilla/5.0 (Windows NT 10.0; Win64; x64) AppleWebKit/537.36 (KHTML, like Gecko) Chrome/97.0.4692.99 Safari/537.36"

info: ::1 - - [07/Feb/2022:18:40:38 +0000] "GET /api/v1/wishlist/wishlist HTTP/1.1" 304 - "http://localhost:3000/" "Mozilla/5.0 (Windows NT 10.0; Win64; x64) AppleWebKit/537.36 (KHTML, like Gecko) Chrome/97.0.4692.99 Safari/537.36"

info: ::1 - - [07/Feb/2022:18:40:44 +0000] "OPTIONS /api/v1/cart/cart HTTP/1.1" 204 0 "http://localhost:3000/" "Mozilla/5.0 (Windows NT 10.0; Win64; x64) AppleWebKit/537.36 (KHTML, like Gecko) Chrome/97.0.4692.99 Safari/537.36"

info: ::1 - - [07/Feb/2022:18:40:44 +0000] "GET /api/v1/cart/cart HTTP/1.1" 200 67 "http://localhost:3000/" "Mozilla/5.0 (Windows NT 10.0; Win64; x64) AppleWebKit/537.36 (KHTML, like Gecko) Chrome/97.0.4692.99 Safari/537.36"

info: ::1 - - [07/Feb/2022:18:41:27 +0000] "OPTIONS /api/v1/book/book HTTP/1.1" 204 0 "http://localhost:3000/" "Mozilla/5.0 (Windows NT 10.0; Win64; x64) AppleWebKit/537.36 (KHTML, like Gecko) Chrome/97.0.4692.99 Safari/537.36"

info: ::1 - - [07/Feb/2022:18:41:27 +0000] "GET /api/v1/book/book HTTP/1.1" 304 - "http://localhost:3000/" "Mozilla/5.0 (Windows NT 10.0; Win64; x64) AppleWebKit/537.36 (KHTML, like Gecko) Chrome/97.0.4692.99 Safari/537.36"

info: ::1 - - [07/Feb/2022:18:41:29 +0000] "OPTIONS /api/v1/cart/cart/6200f7e99fcbc61d6c4ef777 HTTP/1.1" 204 0 "http://localhost:3000/" "Mozilla/5.0 (Windows NT 10.0; Win64; x64) AppleWebKit/537.36 (KHTML, like Gecko) Chrome/97.0.4692.99 Safari/537.36"

info: ::1 - - [07/Feb/2022:18:41:29 +0000] "POST /api/v1/cart/cart/6200f7e99fcbc61d6c4ef777 HTTP/1.1" 201 255 "http://localhost:3000/" "Mozilla/5.0 (Windows NT 10.0; Win64; x64) AppleWebKit/537.36 (KHTML, like Gecko) Chrome/97.0.4692.99 Safari/537.36"

info: ::1 - - [07/Feb/2022:18:41:38 +0000] "OPTIONS /api/v1/cart/cart HTTP/1.1" 204 0 "http://localhost:3000/" "Mozilla/5.0 (Windows NT 10.0; Win64; x64) AppleWebKit/537.36 (KHTML, like Gecko) Chrome/97.0.4692.99 Safari/537.36"

info: ::1 - - [07/Feb/2022:18:41:38 +0000] "GET /api/v1/cart/cart HTTP/1.1" 200 241 "http://localhost:3000/" "Mozilla/5.0 (Windows NT 10.0; Win64; x64) AppleWebKit/537.36 (KHTML, like Gecko) Chrome/97.0.4692.99 Safari/537.36"

info: ::1 - - [07/Feb/2022:18:42:13 +0000] "OPTIONS /api/v1/wishlist/wishlist HTTP/1.1" 204 0 "http://localhost:3000/" "Mozilla/5.0 (Windows NT 10.0; Win64; x64) AppleWebKit/537.36 (KHTML, like Gecko) Chrome/97.0.4692.99 Safari/537.36"

info: ::1 - - [07/Feb/2022:18:42:13 +0000] "GET /api/v1/wishlist/wishlist HTTP/1.1" 304 - "http://localhost:3000/" "Mozilla/5.0 (Windows NT 10.0; Win64; x64) AppleWebKit/537.36 (KHTML, like Gecko) Chrome/97.0.4692.99 Safari/537.36"

info: ::1 - - [07/Feb/2022:18:42:23 +0000] "OPTIONS /api/v1/book/book HTTP/1.1" 204 0 "http://localhost:3000/" "Mozilla/5.0 (Windows NT 10.0; Win64; x64) AppleWebKit/537.36 (KHTML, like Gecko) Chrome/97.0.4692.99 Safari/537.36"

info: ::1 - - [07/Feb/2022:18:42:23 +0000] "GET /api/v1/book/book HTTP/1.1" 304 - "http://localhost:3000/" "Mozilla/5.0 (Windows NT 10.0; Win64; x64) AppleWebKit/537.36 (KHTML, like Gecko) Chrome/97.0.4692.99 Safari/537.36"

info: ::1 - - [07/Feb/2022:18:47:16 +0000] "OPTIONS /api/v1/book/book HTTP/1.1" 204 0 "http://localhost:3000/" "Mozilla/5.0 (Windows NT 10.0; Win64; x64) AppleWebKit/537.36 (KHTML, like Gecko) Chrome/97.0.4692.99 Safari/537.36"

info: ::1 - - [07/Feb/2022:18:47:16 +0000] "GET /api/v1/book/book HTTP/1.1" 304 - "http://localhost:3000/" "Mozilla/5.0 (Windows NT 10.0; Win64; x64) AppleWebKit/537.36 (KHTML, like Gecko) Chrome/97.0.4692.99 Safari/537.36"

info: ::1 - - [07/Feb/2022:18:48:31 +0000] "OPTIONS /api/v1/cart/cart/6200f7f29fcbc61d6c4ef77a HTTP/1.1" 204 0 "http://localhost:3000/" "Mozilla/5.0 (Windows NT 10.0; Win64; x64) AppleWebKit/537.36 (KHTML, like Gecko) Chrome/97.0.4692.99 Safari/537.36"

info: ::1 - - [07/Feb/2022:18:48:31 +0000] "POST /api/v1/cart/cart/6200f7f29fcbc61d6c4ef77a HTTP/1.1" 200 72 "http://localhost:3000/" "Mozilla/5.0 (Windows NT 10.0; Win64; x64) AppleWebKit/537.36 (KHTML, like Gecko) Chrome/97.0.4692.99 Safari/537.36"

info: ::1 - - [07/Feb/2022:18:48:33 +0000] "OPTIONS /api/v1/wishlist/wishlist HTTP/1.1" 204 0 "http://localhost:3000/" "Mozilla/5.0 (Windows NT 10.0; Win64; x64) AppleWebKit/537.36 (KHTML, like Gecko) Chrome/97.0.4692.99 Safari/537.36"

info: ::1 - - [07/Feb/2022:18:48:33 +0000] "GET /api/v1/wishlist/wishlist HTTP/1.1" 304 - "http://localhost:3000/" "Mozilla/5.0 (Windows NT 10.0; Win64; x64) AppleWebKit/537.36 (KHTML, like Gecko) Chrome/97.0.4692.99 Safari/537.36"

info: ::1 - - [07/Feb/2022:18:48:43 +0000] "OPTIONS /api/v1/cart/cart HTTP/1.1" 204 0 "http://localhost:3000/" "Mozilla/5.0 (Windows NT 10.0; Win64; x64) AppleWebKit/537.36 (KHTML, like Gecko) Chrome/97.0.4692.99 Safari/537.36"

info: ::1 - - [07/Feb/2022:18:48:43 +0000] "GET /api/v1/cart/cart HTTP/1.1" 200 312 "http://localhost:3000/" "Mozilla/5.0 (Windows NT 10.0; Win64; x64) AppleWebKit/537.36 (KHTML, like Gecko) Chrome/97.0.4692.99 Safari/537.36"

info: ::1 - - [07/Feb/2022:18:48:47 +0000] "OPTIONS /api/v1/wishlist/wishlist HTTP/1.1" 204 0 "http://localhost:3000/" "Mozilla/5.0 (Windows NT 10.0; Win64; x64) AppleWebKit/537.36 (KHTML, like Gecko) Chrome/97.0.4692.99 Safari/537.36"

info: ::1 - - [07/Feb/2022:18:48:47 +0000] "GET /api/v1/wishlist/wishlist HTTP/1.1" 304 - "http://localhost:3000/" "Mozilla/5.0 (Windows NT 10.0; Win64; x64) AppleWebKit/537.36 (KHTML, like Gecko) Chrome/97.0.4692.99 Safari/537.36"

info: ::1 - - [07/Feb/2022:18:48:53 +0000] "OPTIONS /api/v1/book/book HTTP/1.1" 204 0 "http://localhost:3000/" "Mozilla/5.0 (Windows NT 10.0; Win64; x64) AppleWebKit/537.36 (KHTML, like Gecko) Chrome/97.0.4692.99 Safari/537.36"

info: ::1 - - [07/Feb/2022:18:48:53 +0000] "GET /api/v1/book/book HTTP/1.1" 304 - "http://localhost:3000/" "Mozilla/5.0 (Windows NT 10.0; Win64; x64) AppleWebKit/537.36 (KHTML, like Gecko) Chrome/97.0.4692.99 Safari/537.36"

info: ::1 - - [07/Feb/2022:18:48:56 +0000] "OPTIONS /api/v1/wishlist/wishlist/6200f7f29fcbc61d6c4ef77a HTTP/1.1" 204 0 "http://localhost:3000/" "Mozilla/5.0 (Windows NT 10.0; Win64; x64) AppleWebKit/537.36 (KHTML, like Gecko) Chrome/97.0.4692.99 Safari/537.36"

info: ::1 - - [07/Feb/2022:18:48:56 +0000] "POST /api/v1/wishlist/wishlist/6200f7f29fcbc61d6c4ef77a HTTP/1.1" 200 225 "http://localhost:3000/" "Mozilla/5.0 (Windows NT 10.0; Win64; x64) AppleWebKit/537.36 (KHTML, like Gecko) Chrome/97.0.4692.99 Safari/537.36"

info: ::1 - - [07/Feb/2022:18:48:58 +0000] "OPTIONS /api/v1/wishlist/wishlist HTTP/1.1" 204 0 "http://localhost:3000/" "Mozilla/5.0 (Windows NT 10.0; Win64; x64) AppleWebKit/537.36 (KHTML, like Gecko) Chrome/97.0.4692.99 Safari/537.36"

info: ::1 - - [07/Feb/2022:18:48:58 +0000] "GET /api/v1/wishlist/wishlist HTTP/1.1" 200 221 "http://localhost:3000/" "Mozilla/5.0 (Windows NT 10.0; Win64; x64) AppleWebKit/537.36 (KHTML, like Gecko) Chrome/97.0.4692.99 Safari/537.36"

info: ::1 - - [07/Feb/2022:18:49:00 +0000] "OPTIONS /api/v1/cart/cart HTTP/1.1" 204 0 "http://localhost:3000/" "Mozilla/5.0 (Windows NT 10.0; Win64; x64) AppleWebKit/537.36 (KHTML, like Gecko) Chrome/97.0.4692.99 Safari/537.36"

info: ::1 - - [07/Feb/2022:18:49:00 +0000] "GET /api/v1/cart/cart HTTP/1.1" 304 - "http://localhost:3000/" "Mozilla/5.0 (Windows NT 10.0; Win64; x64) AppleWebKit/537.36 (KHTML, like Gecko) Chrome/97.0.4692.99 Safari/537.36"

info: ::1 - - [07/Feb/2022:18:49:02 +0000] "GET /api/v1/wishlist/wishlist HTTP/1.1" 304 - "http://localhost:3000/" "Mozilla/5.0 (Windows NT 10.0; Win64; x64) AppleWebKit/537.36 (KHTML, like Gecko) Chrome/97.0.4692.99 Safari/537.36"

info: ::1 - - [07/Feb/2022:18:52:24 +0000] "OPTIONS /api/v1/wishlist/wishlist HTTP/1.1" 204 0 "http://localhost:3000/" "Mozilla/5.0 (Windows NT 10.0; Win64; x64) AppleWebKit/537.36 (KHTML, like Gecko) Chrome/97.0.4692.99 Safari/537.36"

info: ::1 - - [07/Feb/2022:18:52:24 +0000] "GET /api/v1/wishlist/wishlist HTTP/1.1" 304 - "http://localhost:3000/" "Mozilla/5.0 (Windows NT 10.0; Win64; x64) AppleWebKit/537.36 (KHTML, like Gecko) Chrome/97.0.4692.99 Safari/537.36"

info: ::1 - - [07/Feb/2022:18:52:25 +0000] "GET /api/v1/wishlist/wishlist HTTP/1.1" 304 - "http://localhost:3000/" "Mozilla/5.0 (Windows NT 10.0; Win64; x64) AppleWebKit/537.36 (KHTML, like Gecko) Chrome/97.0.4692.99 Safari/537.36"

info: ::1 - - [07/Feb/2022:18:52:26 +0000] "OPTIONS /api/v1/cart/cart HTTP/1.1" 204 0 "http://localhost:3000/" "Mozilla/5.0 (Windows NT 10.0; Win64; x64) AppleWebKit/537.36 (KHTML, like Gecko) Chrome/97.0.4692.99 Safari/537.36"

info: ::1 - - [07/Feb/2022:18:52:26 +0000] "GET /api/v1/cart/cart HTTP/1.1" 304 - "http://localhost:3000/" "Mozilla/5.0 (Windows NT 10.0; Win64; x64) AppleWebKit/537.36 (KHTML, like Gecko) Chrome/97.0.4692.99 Safari/537.36"

info: ::1 - - [07/Feb/2022:18:52:28 +0000] "GET /api/v1/wishlist/wishlist HTTP/1.1" 304 - "http://localhost:3000/" "Mozilla/5.0 (Windows NT 10.0; Win64; x64) AppleWebKit/537.36 (KHTML, like Gecko) Chrome/97.0.4692.99 Safari/537.36"

info: ::1 - - [07/Feb/2022:18:54:18 +0000] "OPTIONS /api/v1/book/book HTTP/1.1" 204 0 "http://localhost:3000/" "Mozilla/5.0 (Windows NT 10.0; Win64; x64) AppleWebKit/537.36 (KHTML, like Gecko) Chrome/97.0.4692.99 Safari/537.36"

info: ::1 - - [07/Feb/2022:18:54:18 +0000] "GET /api/v1/book/book HTTP/1.1" 304 - "http://localhost:3000/" "Mozilla/5.0 (Windows NT 10.0; Win64; x64) AppleWebKit/537.36 (KHTML, like Gecko) Chrome/97.0.4692.99 Safari/537.36"

info: ::1 - - [07/Feb/2022:18:55:16 +0000] "OPTIONS /api/v1/wishlist/wishlist HTTP/1.1" 204 0 "http://localhost:3000/" "Mozilla/5.0 (Windows NT 10.0; Win64; x64) AppleWebKit/537.36 (KHTML, like Gecko) Chrome/97.0.4692.99 Safari/537.36"

info: ::1 - - [07/Feb/2022:18:55:16 +0000] "GET /api/v1/wishlist/wishlist HTTP/1.1" 304 - "http://localhost:3000/" "Mozilla/5.0 (Windows NT 10.0; Win64; x64) AppleWebKit/537.36 (KHTML, like Gecko) Chrome/97.0.4692.99 Safari/537.36"

info: ::1 - - [07/Feb/2022:18:55:17 +0000] "OPTIONS /api/v1/cart/cart HTTP/1.1" 204 0 "http://localhost:3000/" "Mozilla/5.0 (Windows NT 10.0; Win64; x64) AppleWebKit/537.36 (KHTML, like Gecko) Chrome/97.0.4692.99 Safari/537.36"

info: ::1 - - [07/Feb/2022:18:55:18 +0000] "GET /api/v1/cart/cart HTTP/1.1" 304 - "http://localhost:3000/" "Mozilla/5.0 (Windows NT 10.0; Win64; x64) AppleWebKit/537.36 (KHTML, like Gecko) Chrome/97.0.4692.99 Safari/537.36"

info: ::1 - - [07/Feb/2022:18:55:19 +0000] "OPTIONS /api/v1/book/book HTTP/1.1" 204 0 "http://localhost:3000/" "Mozilla/5.0 (Windows NT 10.0; Win64; x64) AppleWebKit/537.36 (KHTML, like Gecko) Chrome/97.0.4692.99 Safari/537.36"

info: ::1 - - [07/Feb/2022:18:55:19 +0000] "GET /api/v1/book/book HTTP/1.1" 304 - "http://localhost:3000/" "Mozilla/5.0 (Windows NT 10.0; Win64; x64) AppleWebKit/537.36 (KHTML, like Gecko) Chrome/97.0.4692.99 Safari/537.36"

info: ::1 - - [07/Feb/2022:18:57:47 +0000] "OPTIONS /api/v1/cart/cart HTTP/1.1" 204 0 "http://localhost:3000/" "Mozilla/5.0 (Windows NT 10.0; Win64; x64) AppleWebKit/537.36 (KHTML, like Gecko) Chrome/97.0.4692.99 Safari/537.36"

info: ::1 - - [07/Feb/2022:18:57:47 +0000] "GET /api/v1/cart/cart HTTP/1.1" 304 - "http://localhost:3000/" "Mozilla/5.0 (Windows NT 10.0; Win64; x64) AppleWebKit/537.36 (KHTML, like Gecko) Chrome/97.0.4692.99 Safari/537.36"

info: ::1 - - [07/Feb/2022:18:58:00 +0000] "OPTIONS /api/v1/cart/cart HTTP/1.1" 204 0 "http://localhost:3000/" "Mozilla/5.0 (Windows NT 10.0; Win64; x64) AppleWebKit/537.36 (KHTML, like Gecko) Chrome/97.0.4692.99 Safari/537.36"

info: ::1 - - [07/Feb/2022:18:58:00 +0000] "GET /api/v1/cart/cart HTTP/1.1" 304 - "http://localhost:3000/" "Mozilla/5.0 (Windows NT 10.0; Win64; x64) AppleWebKit/537.36 (KHTML, like Gecko) Chrome/97.0.4692.99 Safari/537.36"

info: ::1 - - [07/Feb/2022:18:58:02 +0000] "OPTIONS /api/v1/wishlist/wishlist HTTP/1.1" 204 0 "http://localhost:3000/" "Mozilla/5.0 (Windows NT 10.0; Win64; x64) AppleWebKit/537.36 (KHTML, like Gecko) Chrome/97.0.4692.99 Safari/537.36"

info: ::1 - - [07/Feb/2022:18:58:02 +0000] "GET /api/v1/wishlist/wishlist HTTP/1.1" 304 - "http://localhost:3000/" "Mozilla/5.0 (Windows NT 10.0; Win64; x64) AppleWebKit/537.36 (KHTML, like Gecko) Chrome/97.0.4692.99 Safari/537.36"

info: ::1 - - [07/Feb/2022:18:58:06 +0000] "OPTIONS /api/v1/book/book HTTP/1.1" 204 0 "http://localhost:3000/" "Mozilla/5.0 (Windows NT 10.0; Win64; x64) AppleWebKit/537.36 (KHTML, like Gecko) Chrome/97.0.4692.99 Safari/537.36"

info: ::1 - - [07/Feb/2022:18:58:06 +0000] "GET /api/v1/book/book HTTP/1.1" 304 - "http://localhost:3000/" "Mozilla/5.0 (Windows NT 10.0; Win64; x64) AppleWebKit/537.36 (KHTML, like Gecko) Chrome/97.0.4692.99 Safari/537.36"

info: ::1 - - [07/Feb/2022:19:09:09 +0000] "OPTIONS /api/v1/wishlist/wishlist HTTP/1.1" 204 0 "http://localhost:3000/" "Mozilla/5.0 (Windows NT 10.0; Win64; x64) AppleWebKit/537.36 (KHTML, like Gecko) Chrome/97.0.4692.99 Safari/537.36"

info: ::1 - - [07/Feb/2022:19:09:09 +0000] "GET /api/v1/wishlist/wishlist HTTP/1.1" 304 - "http://localhost:3000/" "Mozilla/5.0 (Windows NT 10.0; Win64; x64) AppleWebKit/537.36 (KHTML, like Gecko) Chrome/97.0.4692.99 Safari/537.36"

info: ::1 - - [07/Feb/2022:19:09:12 +0000] "OPTIONS /api/v1/wishlist/update/6200f7f29fcbc61d6c4ef77a HTTP/1.1" 204 0 "http://localhost:3000/" "Mozilla/5.0 (Windows NT 10.0; Win64; x64) AppleWebKit/537.36 (KHTML, like Gecko) Chrome/97.0.4692.99 Safari/537.36"

info: ::1 - - [07/Feb/2022:19:09:12 +0000] "PUT /api/v1/wishlist/update/6200f7f29fcbc61d6c4ef77a HTTP/1.1" 200 235 "http://localhost:3000/" "Mozilla/5.0 (Windows NT 10.0; Win64; x64) AppleWebKit/537.36 (KHTML, like Gecko) Chrome/97.0.4692.99 Safari/537.36"

info: ::1 - - [07/Feb/2022:19:09:12 +0000] "GET /api/v1/wishlist/wishlist HTTP/1.1" 200 151 "http://localhost:3000/" "Mozilla/5.0 (Windows NT 10.0; Win64; x64) AppleWebKit/537.36 (KHTML, like Gecko) Chrome/97.0.4692.99 Safari/537.36"

info: ::1 - - [07/Feb/2022:19:09:16 +0000] "OPTIONS /api/v1/cart/cart HTTP/1.1" 204 0 "http://localhost:3000/" "Mozilla/5.0 (Windows NT 10.0; Win64; x64) AppleWebKit/537.36 (KHTML, like Gecko) Chrome/97.0.4692.99 Safari/537.36"

info: ::1 - - [07/Feb/2022:19:09:16 +0000] "GET /api/v1/cart/cart HTTP/1.1" 304 - "http://localhost:3000/" "Mozilla/5.0 (Windows NT 10.0; Win64; x64) AppleWebKit/537.36 (KHTML, like Gecko) Chrome/97.0.4692.99 Safari/537.36"

info: ::1 - - [07/Feb/2022:19:09:25 +0000] "OPTIONS /api/v1/cart/update/6200f7e99fcbc61d6c4ef777 HTTP/1.1" 204 0 "http://localhost:3000/" "Mozilla/5.0 (Windows NT 10.0; Win64; x64) AppleWebKit/537.36 (KHTML, like Gecko) Chrome/97.0.4692.99 Safari/537.36"

info: ::1 - - [07/Feb/2022:19:09:25 +0000] "PUT /api/v1/cart/update/6200f7e99fcbc61d6c4ef777 HTTP/1.1" 200 65 "http://localhost:3000/" "Mozilla/5.0 (Windows NT 10.0; Win64; x64) AppleWebKit/537.36 (KHTML, like Gecko) Chrome/97.0.4692.99 Safari/537.36"

info: ::1 - - [07/Feb/2022:19:09:25 +0000] "OPTIONS /api/v1/wishlist/wishlist HTTP/1.1" 204 0 "http://localhost:3000/" "Mozilla/5.0 (Windows NT 10.0; Win64; x64) AppleWebKit/537.36 (KHTML, like Gecko) Chrome/97.0.4692.99 Safari/537.36"

info: ::1 - - [07/Feb/2022:19:09:25 +0000] "GET /api/v1/wishlist/wishlist HTTP/1.1" 304 - "http://localhost:3000/" "Mozilla/5.0 (Windows NT 10.0; Win64; x64) AppleWebKit/537.36 (KHTML, like Gecko) Chrome/97.0.4692.99 Safari/537.36"

info: ::1 - - [07/Feb/2022:19:09:28 +0000] "PUT /api/v1/cart/update/6200f7e99fcbc61d6c4ef777 HTTP/1.1" 404 76 "http://localhost:3000/" "Mozilla/5.0 (Windows NT 10.0; Win64; x64) AppleWebKit/537.36 (KHTML, like Gecko) Chrome/97.0.4692.99 Safari/537.36"

info: ::1 - - [07/Feb/2022:19:09:37 +0000] "OPTIONS /api/v1/cart/update/6200f7e99fcbc61d6c4ef777 HTTP/1.1" 204 0 "http://localhost:3000/" "Mozilla/5.0 (Windows NT 10.0; Win64; x64) AppleWebKit/537.36 (KHTML, like Gecko) Chrome/97.0.4692.99 Safari/537.36"

info: ::1 - - [07/Feb/2022:19:09:37 +0000] "PUT /api/v1/cart/update/6200f7e99fcbc61d6c4ef777 HTTP/1.1" 404 76 "http://localhost:3000/" "Mozilla/5.0 (Windows NT 10.0; Win64; x64) AppleWebKit/537.36 (KHTML, like Gecko) Chrome/97.0.4692.99 Safari/537.36"

info: ::1 - - [07/Feb/2022:19:10:14 +0000] "OPTIONS /api/v1/cart/update/6200f7e99fcbc61d6c4ef777 HTTP/1.1" 204 0 "http://localhost:3000/" "Mozilla/5.0 (Windows NT 10.0; Win64; x64) AppleWebKit/537.36 (KHTML, like Gecko) Chrome/97.0.4692.99 Safari/537.36"

info: ::1 - - [07/Feb/2022:19:10:14 +0000] "PUT /api/v1/cart/update/6200f7e99fcbc61d6c4ef777 HTTP/1.1" 404 76 "http://localhost:3000/" "Mozilla/5.0 (Windows NT 10.0; Win64; x64) AppleWebKit/537.36 (KHTML, like Gecko) Chrome/97.0.4692.99 Safari/537.36"

info: ::1 - - [07/Feb/2022:19:11:08 +0000] "OPTIONS /api/v1/cart/update/6200f7e99fcbc61d6c4ef777 HTTP/1.1" 204 0 "http://localhost:3000/" "Mozilla/5.0 (Windows NT 10.0; Win64; x64) AppleWebKit/537.36 (KHTML, like Gecko) Chrome/97.0.4692.99 Safari/537.36"

info: ::1 - - [07/Feb/2022:19:11:08 +0000] "PUT /api/v1/cart/update/6200f7e99fcbc61d6c4ef777 HTTP/1.1" 404 76 "http://localhost:3000/" "Mozilla/5.0 (Windows NT 10.0; Win64; x64) AppleWebKit/537.36 (KHTML, like Gecko) Chrome/97.0.4692.99 Safari/537.36"

info: ::1 - - [07/Feb/2022:19:12:24 +0000] "OPTIONS /api/v1/cart/update/6200f7e99fcbc61d6c4ef777 HTTP/1.1" 204 0 "http://localhost:3000/" "Mozilla/5.0 (Windows NT 10.0; Win64; x64) AppleWebKit/537.36 (KHTML, like Gecko) Chrome/97.0.4692.99 Safari/537.36"

info: ::1 - - [07/Feb/2022:19:12:24 +0000] "PUT /api/v1/cart/update/6200f7e99fcbc61d6c4ef777 HTTP/1.1" 404 76 "http://localhost:3000/" "Mozilla/5.0 (Windows NT 10.0; Win64; x64) AppleWebKit/537.36 (KHTML, like Gecko) Chrome/97.0.4692.99 Safari/537.36"

info: ::1 - - [07/Feb/2022:19:13:06 +0000] "OPTIONS /api/v1/cart/update/[object%20Object] HTTP/1.1" 204 0 "http://localhost:3000/" "Mozilla/5.0 (Windows NT 10.0; Win64; x64) AppleWebKit/537.36 (KHTML, like Gecko) Chrome/97.0.4692.99 Safari/537.36"

info: ::1 - - [07/Feb/2022:19:13:06 +0000] "PUT /api/v1/cart/update/[object%20Object] HTTP/1.1" 404 76 "http://localhost:3000/" "Mozilla/5.0 (Windows NT 10.0; Win64; x64) AppleWebKit/537.36 (KHTML, like Gecko) Chrome/97.0.4692.99 Safari/537.36"

info: ::1 - - [07/Feb/2022:19:16:30 +0000] "OPTIONS /api/v1/cart/update/6200f7e99fcbc61d6c4ef777 HTTP/1.1" 204 0 "http://localhost:3000/" "Mozilla/5.0 (Windows NT 10.0; Win64; x64) AppleWebKit/537.36 (KHTML, like Gecko) Chrome/97.0.4692.99 Safari/537.36"

info: ::1 - - [07/Feb/2022:19:16:30 +0000] "PUT /api/v1/cart/update/6200f7e99fcbc61d6c4ef777 HTTP/1.1" 404 76 "http://localhost:3000/" "Mozilla/5.0 (Windows NT 10.0; Win64; x64) AppleWebKit/537.36 (KHTML, like Gecko) Chrome/97.0.4692.99 Safari/537.36"

info: ::1 - - [07/Feb/2022:19:16:53 +0000] "GET /api/v1/cart/update/6200f7e99fcbc61d6c4ef777 HTTP/1.1" 404 47 "-" "Mozilla/5.0 (Windows NT 10.0; Win64; x64) AppleWebKit/537.36 (KHTML, like Gecko) Chrome/97.0.4692.99 Safari/537.36"

info: ::1 - - [07/Feb/2022:19:18:29 +0000] "GET /api/v1/cart/update/6200f7e99fcbc61d6c4ef777 HTTP/1.1" 404 47 "-" "Mozilla/5.0 (Windows NT 10.0; Win64; x64) AppleWebKit/537.36 (KHTML, like Gecko) Chrome/97.0.4692.99 Safari/537.36"

info: ::1 - - [07/Feb/2022:19:18:33 +0000] "OPTIONS /api/v1/cart/update/6200f7e99fcbc61d6c4ef777 HTTP/1.1" 204 0 "http://localhost:3000/" "Mozilla/5.0 (Windows NT 10.0; Win64; x64) AppleWebKit/537.36 (KHTML, like Gecko) Chrome/97.0.4692.99 Safari/537.36"

info: ::1 - - [07/Feb/2022:19:18:33 +0000] "PUT /api/v1/cart/update/6200f7e99fcbc61d6c4ef777 HTTP/1.1" 404 76 "http://localhost:3000/" "Mozilla/5.0 (Windows NT 10.0; Win64; x64) AppleWebKit/537.36 (KHTML, like Gecko) Chrome/97.0.4692.99 Safari/537.36"

info: ::1 - - [07/Feb/2022:19:18:40 +0000] "GET /api/v1/cart/update/6200f7e99fcbc61d6c4ef777 HTTP/1.1" 404 47 "-" "Mozilla/5.0 (Windows NT 10.0; Win64; x64) AppleWebKit/537.36 (KHTML, like Gecko) Chrome/97.0.4692.99 Safari/537.36"

info: ::1 - - [07/Feb/2022:19:19:11 +0000] "OPTIONS /api/v1/cart/cart HTTP/1.1" 204 0 "http://localhost:3000/" "Mozilla/5.0 (Windows NT 10.0; Win64; x64) AppleWebKit/537.36 (KHTML, like Gecko) Chrome/97.0.4692.99 Safari/537.36"

info: ::1 - - [07/Feb/2022:19:19:12 +0000] "GET /api/v1/cart/cart HTTP/1.1" 200 241 "http://localhost:3000/" "Mozilla/5.0 (Windows NT 10.0; Win64; x64) AppleWebKit/537.36 (KHTML, like Gecko) Chrome/97.0.4692.99 Safari/537.36"

info: ::1 - - [07/Feb/2022:19:19:14 +0000] "GET /api/v1/cart/cart HTTP/1.1" 304 - "http://localhost:3000/" "Mozilla/5.0 (Windows NT 10.0; Win64; x64) AppleWebKit/537.36 (KHTML, like Gecko) Chrome/97.0.4692.99 Safari/537.36"

info: ::1 - - [07/Feb/2022:19:19:39 +0000] "OPTIONS /api/v1/cart/update/6200f7f29fcbc61d6c4ef77a HTTP/1.1" 204 0 "http://localhost:3000/" "Mozilla/5.0 (Windows NT 10.0; Win64; x64) AppleWebKit/537.36 (KHTML, like Gecko) Chrome/97.0.4692.99 Safari/537.36"

info: ::1 - - [07/Feb/2022:19:19:39 +0000] "PUT /api/v1/cart/update/6200f7f29fcbc61d6c4ef77a HTTP/1.1" 200 65 "http://localhost:3000/" "Mozilla/5.0 (Windows NT 10.0; Win64; x64) AppleWebKit/537.36 (KHTML, like Gecko) Chrome/97.0.4692.99 Safari/537.36"

info: ::1 - - [07/Feb/2022:19:19:39 +0000] "OPTIONS /api/v1/wishlist/wishlist HTTP/1.1" 204 0 "http://localhost:3000/" "Mozilla/5.0 (Windows NT 10.0; Win64; x64) AppleWebKit/537.36 (KHTML, like Gecko) Chrome/97.0.4692.99 Safari/537.36"

info: ::1 - - [07/Feb/2022:19:19:39 +0000] "GET /api/v1/wishlist/wishlist HTTP/1.1" 304 - "http://localhost:3000/" "Mozilla/5.0 (Windows NT 10.0; Win64; x64) AppleWebKit/537.36 (KHTML, like Gecko) Chrome/97.0.4692.99 Safari/537.36"

info: ::1 - - [07/Feb/2022:19:19:49 +0000] "OPTIONS /api/v1/cart/update/6200f7f29fcbc61d6c4ef77a HTTP/1.1" 204 0 "http://localhost:3000/" "Mozilla/5.0 (Windows NT 10.0; Win64; x64) AppleWebKit/537.36 (KHTML, like Gecko) Chrome/97.0.4692.99 Safari/537.36"

info: ::1 - - [07/Feb/2022:19:19:49 +0000] "PUT /api/v1/cart/update/6200f7f29fcbc61d6c4ef77a HTTP/1.1" 404 76 "http://localhost:3000/" "Mozilla/5.0 (Windows NT 10.0; Win64; x64) AppleWebKit/537.36 (KHTML, like Gecko) Chrome/97.0.4692.99 Safari/537.36"

info: ::1 - - [07/Feb/2022:19:19:50 +0000] "PUT /api/v1/cart/update/6200f7f29fcbc61d6c4ef77a HTTP/1.1" 404 76 "http://localhost:3000/" "Mozilla/5.0 (Windows NT 10.0; Win64; x64) AppleWebKit/537.36 (KHTML, like Gecko) Chrome/97.0.4692.99 Safari/537.36"

info: ::1 - - [07/Feb/2022:19:19:50 +0000] "PUT /api/v1/cart/update/6200f7f29fcbc61d6c4ef77a HTTP/1.1" 404 76 "http://localhost:3000/" "Mozilla/5.0 (Windows NT 10.0; Win64; x64) AppleWebKit/537.36 (KHTML, like Gecko) Chrome/97.0.4692.99 Safari/537.36"

info: ::1 - - [07/Feb/2022:19:19:50 +0000] "PUT /api/v1/cart/update/6200f7f29fcbc61d6c4ef77a HTTP/1.1" 404 76 "http://localhost:3000/" "Mozilla/5.0 (Windows NT 10.0; Win64; x64) AppleWebKit/537.36 (KHTML, like Gecko) Chrome/97.0.4692.99 Safari/537.36"

info: ::1 - - [07/Feb/2022:19:20:10 +0000] "OPTIONS /api/v1/cart/cart HTTP/1.1" 204 0 "http://localhost:3000/" "Mozilla/5.0 (Windows NT 10.0; Win64; x64) AppleWebKit/537.36 (KHTML, like Gecko) Chrome/97.0.4692.99 Safari/537.36"

info: ::1 - - [07/Feb/2022:19:20:10 +0000] "GET /api/v1/cart/cart HTTP/1.1" 200 171 "http://localhost:3000/" "Mozilla/5.0 (Windows NT 10.0; Win64; x64) AppleWebKit/537.36 (KHTML, like Gecko) Chrome/97.0.4692.99 Safari/537.36"

info: ::ffff:127.0.0.1 - - [07/Feb/2022:19:22:30 +0000] "POST /api/v1/cart/cart/61fc09ee7f10df0aa05586a7 HTTP/1.1" 200 72 "-" "Thunder Client (https://www.thunderclient.io)"

info: ::ffff:127.0.0.1 - - [07/Feb/2022:19:22:50 +0000] "POST /api/v1/cart/cart/6200f7e99fcbc61d6c4ef777 HTTP/1.1" 201 255 "-" "Thunder Client (https://www.thunderclient.io)"

info: ::ffff:127.0.0.1 - - [07/Feb/2022:19:24:04 +0000] "POST /api/v1/cart/cart/6200f7e99fcbc61d6c4ef777 HTTP/1.1" 500 157 "-" "Thunder Client (https://www.thunderclient.io)"

info: ::ffff:127.0.0.1 - - [07/Feb/2022:19:24:52 +0000] "POST /api/v1/cart/cart/6200f7e99fcbc61d6c4ef777 HTTP/1.1" 200 72 "-" "Thunder Client (https://www.thunderclient.io)"

info: ::ffff:127.0.0.1 - - [07/Feb/2022:19:29:40 +0000] "POST /api/v1/cart/cart/6200f7e99fcbc61d6c4ef777 HTTP/1.1" 500 157 "-" "Thunder Client (https://www.thunderclient.io)"

info: ::ffff:127.0.0.1 - - [07/Feb/2022:19:35:00 +0000] "POST /api/v1/cart/cart/6200f7e99fcbc61d6c4ef777 HTTP/1.1" 200 72 "-" "Thunder Client (https://www.thunderclient.io)"

info: ::ffff:127.0.0.1 - - [07/Feb/2022:19:35:19 +0000] "POST /api/v1/cart/cart/6200f7e99fcbc61d6c4ef777 HTTP/1.1" 201 255 "-" "Thunder Client (https://www.thunderclient.io)"

info: ::ffff:127.0.0.1 - - [07/Feb/2022:19:39:05 +0000] "POST /api/v1/cart/cart/6200f7e99fcbc61d6c4ef777 HTTP/1.1" 500 157 "-" "Thunder Client (https://www.thunderclient.io)"

info: ::ffff:127.0.0.1 - - [07/Feb/2022:19:39:57 +0000] "POST /api/v1/cart/cart/6200f7e99fcbc61d6c4ef777 HTTP/1.1" 200 72 "-" "Thunder Client (https://www.thunderclient.io)"

info: ::ffff:127.0.0.1 - - [07/Feb/2022:19:42:18 +0000] "POST /api/v1/cart/cart/6200f7e99fcbc61d6c4ef777 HTTP/1.1" 500 157 "-" "Thunder Client (https://www.thunderclient.io)"

info: ::ffff:127.0.0.1 - - [07/Feb/2022:19:44:20 +0000] "POST /api/v1/cart/cart/6200f7e99fcbc61d6c4ef777 HTTP/1.1" 201 268 "-" "Thunder Client (https://www.thunderclient.io)"

info: ::ffff:127.0.0.1 - - [07/Feb/2022:19:44:32 +0000] "POST /api/v1/cart/cart/6200f7e99fcbc61d6c4ef777 HTTP/1.1" 200 171 "-" "Thunder Client (https://www.thunderclient.io)"

info: ::ffff:127.0.0.1 - - [07/Feb/2022:19:44:54 +0000] "POST /api/v1/cart/cart/6200f7e99fcbc61d6c4ef777 HTTP/1.1" 200 171 "-" "Thunder Client (https://www.thunderclient.io)"

info: ::ffff:127.0.0.1 - - [07/Feb/2022:19:45:32 +0000] "POST /api/v1/cart/cart/6200f7e99fcbc61d6c4ef777 HTTP/1.1" 200 171 "-" "Thunder Client (https://www.thunderclient.io)"

info: ::ffff:127.0.0.1 - - [07/Feb/2022:19:46:41 +0000] "POST /api/v1/cart/cart/6200f7e99fcbc61d6c4ef777 HTTP/1.1" 200 171 "-" "Thunder Client (https://www.thunderclient.io)"

info: ::ffff:127.0.0.1 - - [07/Feb/2022:19:46:52 +0000] "POST /api/v1/cart/cart/6200f7e99fcbc61d6c4ef777 HTTP/1.1" 200 171 "-" "Thunder Client (https://www.thunderclient.io)"

info: ::ffff:127.0.0.1 - - [07/Feb/2022:19:47:10 +0000] "POST /api/v1/cart/cart/6200f7e99fcbc61d6c4ef777 HTTP/1.1" 200 171 "-" "Thunder Client (https://www.thunderclient.io)"

info: ::ffff:127.0.0.1 - - [07/Feb/2022:19:47:17 +0000] "POST /api/v1/cart/cart/6200f7e99fcbc61d6c4ef777 HTTP/1.1" 200 171 "-" "Thunder Client (https://www.thunderclient.io)"

info: ::ffff:127.0.0.1 - - [07/Feb/2022:19:51:44 +0000] "POST /api/v1/cart/cart/6200f7e99fcbc61d6c4ef777 HTTP/1.1" 200 65 "-" "Thunder Client (https://www.thunderclient.io)"

info: ::ffff:127.0.0.1 - - [07/Feb/2022:19:51:57 +0000] "POST /api/v1/cart/cart/6200f7e99fcbc61d6c4ef777 HTTP/1.1" 200 72 "-" "Thunder Client (https://www.thunderclient.io)"

