info: ::1 - - [07/Feb/2022:02:35:45 +0000] "OPTIONS /api/v1/user/signin HTTP/1.1" 204 0 "http://localhost:3000/" "Mozilla/5.0 (Windows NT 10.0; Win64; x64) AppleWebKit/537.36 (KHTML, like Gecko) Chrome/97.0.4692.99 Safari/537.36"

info: ::1 - - [07/Feb/2022:02:35:45 +0000] "POST /api/v1/user/signin HTTP/1.1" 500 49 "http://localhost:3000/" "Mozilla/5.0 (Windows NT 10.0; Win64; x64) AppleWebKit/537.36 (KHTML, like Gecko) Chrome/97.0.4692.99 Safari/537.36"

info: ::1 - - [07/Feb/2022:02:41:31 +0000] "OPTIONS /api/v1/user/signin HTTP/1.1" 204 0 "http://localhost:3000/" "Mozilla/5.0 (Windows NT 10.0; Win64; x64) AppleWebKit/537.36 (KHTML, like Gecko) Chrome/97.0.4692.99 Safari/537.36"

info: ::1 - - [07/Feb/2022:02:41:31 +0000] "POST /api/v1/user/signin HTTP/1.1" 500 53 "http://localhost:3000/" "Mozilla/5.0 (Windows NT 10.0; Win64; x64) AppleWebKit/537.36 (KHTML, like Gecko) Chrome/97.0.4692.99 Safari/537.36"

info: ::ffff:127.0.0.1 - - [07/Feb/2022:02:42:28 +0000] "POST /api/v1/user/signup HTTP/1.1" 500 54 "-" "Thunder Client (https://www.thunderclient.io)"

info: ::ffff:127.0.0.1 - - [07/Feb/2022:02:44:29 +0000] "POST /api/v1/user/signup HTTP/1.1" 201 335 "-" "Thunder Client (https://www.thunderclient.io)"

info: ::1 - - [07/Feb/2022:02:44:50 +0000] "OPTIONS /api/v1/user/signin HTTP/1.1" 204 0 "http://localhost:3000/" "Mozilla/5.0 (Windows NT 10.0; Win64; x64) AppleWebKit/537.36 (KHTML, like Gecko) Chrome/97.0.4692.99 Safari/537.36"

info: ::1 - - [07/Feb/2022:02:44:50 +0000] "POST /api/v1/user/signin HTTP/1.1" 200 364 "http://localhost:3000/" "Mozilla/5.0 (Windows NT 10.0; Win64; x64) AppleWebKit/537.36 (KHTML, like Gecko) Chrome/97.0.4692.99 Safari/537.36"

info: ::ffff:127.0.0.1 - - [07/Feb/2022:10:42:21 +0000] "POST /api/v1/user/signin HTTP/1.1" 500 49 "-" "Thunder Client (https://www.thunderclient.io)"

info: ::ffff:127.0.0.1 - - [07/Feb/2022:10:42:32 +0000] "POST /api/v1/user/signup HTTP/1.1" 201 335 "-" "Thunder Client (https://www.thunderclient.io)"

info: ::ffff:127.0.0.1 - - [07/Feb/2022:10:42:35 +0000] "POST /api/v1/user/signin HTTP/1.1" 200 364 "-" "Thunder Client (https://www.thunderclient.io)"

info: ::ffff:127.0.0.1 - - [07/Feb/2022:10:43:53 +0000] "POST /api/v1/book/addbook HTTP/1.1" 201 306 "-" "Thunder Client (https://www.thunderclient.io)"

info: ::ffff:127.0.0.1 - - [07/Feb/2022:10:44:02 +0000] "POST /api/v1/book/addbook HTTP/1.1" 201 305 "-" "Thunder Client (https://www.thunderclient.io)"

info: ::ffff:127.0.0.1 - - [07/Feb/2022:10:44:09 +0000] "POST /api/v1/book/addbook HTTP/1.1" 201 306 "-" "Thunder Client (https://www.thunderclient.io)"

info: ::ffff:127.0.0.1 - - [07/Feb/2022:10:44:20 +0000] "POST /api/v1/book/addbook HTTP/1.1" 201 306 "-" "Thunder Client (https://www.thunderclient.io)"

info: ::ffff:127.0.0.1 - - [07/Feb/2022:10:44:27 +0000] "POST /api/v1/book/addbook HTTP/1.1" 201 305 "-" "Thunder Client (https://www.thunderclient.io)"

info: ::ffff:127.0.0.1 - - [07/Feb/2022:10:44:35 +0000] "POST /api/v1/book/addbook HTTP/1.1" 201 305 "-" "Thunder Client (https://www.thunderclient.io)"

info: ::ffff:127.0.0.1 - - [07/Feb/2022:13:04:03 +0000] "POST /api/v1/user/signin HTTP/1.1" 200 364 "-" "Thunder Client (https://www.thunderclient.io)"

info: ::ffff:127.0.0.1 - - [07/Feb/2022:13:44:35 +0000] "POST /api/v1/user/signin HTTP/1.1" 200 364 "-" "Thunder Client (https://www.thunderclient.io)"

info: ::ffff:127.0.0.1 - - [07/Feb/2022:13:45:04 +0000] "GET /api/v1/book/book HTTP/1.1" 200 1543 "-" "Thunder Client (https://www.thunderclient.io)"

info: ::1 - - [07/Feb/2022:13:54:01 +0000] "OPTIONS /api/v1/book/book HTTP/1.1" 204 0 "http://localhost:3000/" "Mozilla/5.0 (Windows NT 10.0; Win64; x64) AppleWebKit/537.36 (KHTML, like Gecko) Chrome/97.0.4692.99 Safari/537.36"

info: ::1 - - [07/Feb/2022:13:54:01 +0000] "GET /api/v1/book/book HTTP/1.1" 200 1543 "http://localhost:3000/" "Mozilla/5.0 (Windows NT 10.0; Win64; x64) AppleWebKit/537.36 (KHTML, like Gecko) Chrome/97.0.4692.99 Safari/537.36"

info: ::1 - - [07/Feb/2022:13:55:10 +0000] "OPTIONS /api/v1/book/book HTTP/1.1" 204 0 "http://localhost:3000/" "Mozilla/5.0 (Windows NT 10.0; Win64; x64) AppleWebKit/537.36 (KHTML, like Gecko) Chrome/97.0.4692.99 Safari/537.36"

info: ::1 - - [07/Feb/2022:13:55:10 +0000] "GET /api/v1/book/book HTTP/1.1" 304 - "http://localhost:3000/" "Mozilla/5.0 (Windows NT 10.0; Win64; x64) AppleWebKit/537.36 (KHTML, like Gecko) Chrome/97.0.4692.99 Safari/537.36"

info: ::1 - - [07/Feb/2022:13:55:36 +0000] "OPTIONS /api/v1/book/book HTTP/1.1" 204 0 "http://localhost:3000/" "Mozilla/5.0 (Windows NT 10.0; Win64; x64) AppleWebKit/537.36 (KHTML, like Gecko) Chrome/97.0.4692.99 Safari/537.36"

info: ::1 - - [07/Feb/2022:13:55:37 +0000] "GET /api/v1/book/book HTTP/1.1" 304 - "http://localhost:3000/" "Mozilla/5.0 (Windows NT 10.0; Win64; x64) AppleWebKit/537.36 (KHTML, like Gecko) Chrome/97.0.4692.99 Safari/537.36"

info: ::1 - - [07/Feb/2022:13:55:49 +0000] "OPTIONS /api/v1/book/book HTTP/1.1" 204 0 "http://localhost:3000/" "Mozilla/5.0 (Windows NT 10.0; Win64; x64) AppleWebKit/537.36 (KHTML, like Gecko) Chrome/97.0.4692.99 Safari/537.36"

info: ::1 - - [07/Feb/2022:13:55:49 +0000] "GET /api/v1/book/book HTTP/1.1" 304 - "http://localhost:3000/" "Mozilla/5.0 (Windows NT 10.0; Win64; x64) AppleWebKit/537.36 (KHTML, like Gecko) Chrome/97.0.4692.99 Safari/537.36"

info: ::1 - - [07/Feb/2022:13:56:11 +0000] "OPTIONS /api/v1/book/book HTTP/1.1" 204 0 "http://localhost:3000/" "Mozilla/5.0 (Windows NT 10.0; Win64; x64) AppleWebKit/537.36 (KHTML, like Gecko) Chrome/97.0.4692.99 Safari/537.36"

info: ::1 - - [07/Feb/2022:13:56:11 +0000] "GET /api/v1/book/book HTTP/1.1" 304 - "http://localhost:3000/" "Mozilla/5.0 (Windows NT 10.0; Win64; x64) AppleWebKit/537.36 (KHTML, like Gecko) Chrome/97.0.4692.99 Safari/537.36"

info: ::1 - - [07/Feb/2022:13:56:33 +0000] "OPTIONS /api/v1/book/book HTTP/1.1" 204 0 "http://localhost:3000/" "Mozilla/5.0 (Windows NT 10.0; Win64; x64) AppleWebKit/537.36 (KHTML, like Gecko) Chrome/97.0.4692.99 Safari/537.36"

info: ::1 - - [07/Feb/2022:13:56:33 +0000] "GET /api/v1/book/book HTTP/1.1" 304 - "http://localhost:3000/" "Mozilla/5.0 (Windows NT 10.0; Win64; x64) AppleWebKit/537.36 (KHTML, like Gecko) Chrome/97.0.4692.99 Safari/537.36"

info: ::1 - - [07/Feb/2022:13:56:49 +0000] "OPTIONS /api/v1/book/book HTTP/1.1" 204 0 "http://localhost:3000/" "Mozilla/5.0 (Windows NT 10.0; Win64; x64) AppleWebKit/537.36 (KHTML, like Gecko) Chrome/97.0.4692.99 Safari/537.36"

info: ::1 - - [07/Feb/2022:13:56:49 +0000] "GET /api/v1/book/book HTTP/1.1" 304 - "http://localhost:3000/" "Mozilla/5.0 (Windows NT 10.0; Win64; x64) AppleWebKit/537.36 (KHTML, like Gecko) Chrome/97.0.4692.99 Safari/537.36"

info: ::1 - - [07/Feb/2022:13:56:56 +0000] "OPTIONS /api/v1/book/book HTTP/1.1" 204 0 "http://localhost:3000/" "Mozilla/5.0 (Windows NT 10.0; Win64; x64) AppleWebKit/537.36 (KHTML, like Gecko) Chrome/97.0.4692.99 Safari/537.36"

info: ::1 - - [07/Feb/2022:13:56:56 +0000] "GET /api/v1/book/book HTTP/1.1" 304 - "http://localhost:3000/" "Mozilla/5.0 (Windows NT 10.0; Win64; x64) AppleWebKit/537.36 (KHTML, like Gecko) Chrome/97.0.4692.99 Safari/537.36"

info: ::1 - - [07/Feb/2022:13:57:06 +0000] "OPTIONS /api/v1/book/book HTTP/1.1" 204 0 "http://localhost:3000/" "Mozilla/5.0 (Windows NT 10.0; Win64; x64) AppleWebKit/537.36 (KHTML, like Gecko) Chrome/97.0.4692.99 Safari/537.36"

info: ::1 - - [07/Feb/2022:13:57:06 +0000] "GET /api/v1/book/book HTTP/1.1" 304 - "http://localhost:3000/" "Mozilla/5.0 (Windows NT 10.0; Win64; x64) AppleWebKit/537.36 (KHTML, like Gecko) Chrome/97.0.4692.99 Safari/537.36"

info: ::1 - - [07/Feb/2022:13:58:42 +0000] "OPTIONS /api/v1/book/book HTTP/1.1" 204 0 "http://localhost:3000/" "Mozilla/5.0 (Windows NT 10.0; Win64; x64) AppleWebKit/537.36 (KHTML, like Gecko) Chrome/97.0.4692.99 Safari/537.36"

info: ::1 - - [07/Feb/2022:13:58:42 +0000] "GET /api/v1/book/book HTTP/1.1" 304 - "http://localhost:3000/" "Mozilla/5.0 (Windows NT 10.0; Win64; x64) AppleWebKit/537.36 (KHTML, like Gecko) Chrome/97.0.4692.99 Safari/537.36"

info: ::1 - - [07/Feb/2022:14:02:45 +0000] "OPTIONS /api/v1/book/book HTTP/1.1" 204 0 "http://localhost:3000/" "Mozilla/5.0 (Windows NT 10.0; Win64; x64) AppleWebKit/537.36 (KHTML, like Gecko) Chrome/97.0.4692.99 Safari/537.36"

info: ::1 - - [07/Feb/2022:14:02:45 +0000] "GET /api/v1/book/book HTTP/1.1" 304 - "http://localhost:3000/" "Mozilla/5.0 (Windows NT 10.0; Win64; x64) AppleWebKit/537.36 (KHTML, like Gecko) Chrome/97.0.4692.99 Safari/537.36"

info: ::1 - - [07/Feb/2022:14:02:46 +0000] "GET /api/v1/book/book HTTP/1.1" 304 - "http://localhost:3000/" "Mozilla/5.0 (Windows NT 10.0; Win64; x64) AppleWebKit/537.36 (KHTML, like Gecko) Chrome/97.0.4692.99 Safari/537.36"

info: ::1 - - [07/Feb/2022:14:05:07 +0000] "OPTIONS /api/v1/book/book HTTP/1.1" 204 0 "http://localhost:3000/" "Mozilla/5.0 (Windows NT 10.0; Win64; x64) AppleWebKit/537.36 (KHTML, like Gecko) Chrome/97.0.4692.99 Safari/537.36"

info: ::1 - - [07/Feb/2022:14:05:07 +0000] "GET /api/v1/book/book HTTP/1.1" 304 - "http://localhost:3000/" "Mozilla/5.0 (Windows NT 10.0; Win64; x64) AppleWebKit/537.36 (KHTML, like Gecko) Chrome/97.0.4692.99 Safari/537.36"

info: ::1 - - [07/Feb/2022:14:07:38 +0000] "OPTIONS /api/v1/book/book HTTP/1.1" 204 0 "http://localhost:3000/" "Mozilla/5.0 (Windows NT 10.0; Win64; x64) AppleWebKit/537.36 (KHTML, like Gecko) Chrome/97.0.4692.99 Safari/537.36"

info: ::1 - - [07/Feb/2022:14:07:38 +0000] "GET /api/v1/book/book HTTP/1.1" 304 - "http://localhost:3000/" "Mozilla/5.0 (Windows NT 10.0; Win64; x64) AppleWebKit/537.36 (KHTML, like Gecko) Chrome/97.0.4692.99 Safari/537.36"

info: ::1 - - [07/Feb/2022:14:08:05 +0000] "OPTIONS /api/v1/book/book HTTP/1.1" 204 0 "http://localhost:3000/" "Mozilla/5.0 (Windows NT 10.0; Win64; x64) AppleWebKit/537.36 (KHTML, like Gecko) Chrome/97.0.4692.99 Safari/537.36"

info: ::1 - - [07/Feb/2022:14:08:05 +0000] "GET /api/v1/book/book HTTP/1.1" 304 - "http://localhost:3000/" "Mozilla/5.0 (Windows NT 10.0; Win64; x64) AppleWebKit/537.36 (KHTML, like Gecko) Chrome/97.0.4692.99 Safari/537.36"

info: ::1 - - [07/Feb/2022:14:08:21 +0000] "OPTIONS /api/v1/book/book HTTP/1.1" 204 0 "http://localhost:3000/" "Mozilla/5.0 (Windows NT 10.0; Win64; x64) AppleWebKit/537.36 (KHTML, like Gecko) Chrome/97.0.4692.99 Safari/537.36"

info: ::1 - - [07/Feb/2022:14:08:21 +0000] "GET /api/v1/book/book HTTP/1.1" 304 - "http://localhost:3000/" "Mozilla/5.0 (Windows NT 10.0; Win64; x64) AppleWebKit/537.36 (KHTML, like Gecko) Chrome/97.0.4692.99 Safari/537.36"

info: ::1 - - [07/Feb/2022:14:11:53 +0000] "OPTIONS /api/v1/book/book HTTP/1.1" 204 0 "http://localhost:3000/" "Mozilla/5.0 (Windows NT 10.0; Win64; x64) AppleWebKit/537.36 (KHTML, like Gecko) Chrome/97.0.4692.99 Safari/537.36"

info: ::1 - - [07/Feb/2022:14:11:54 +0000] "GET /api/v1/book/book HTTP/1.1" 304 - "http://localhost:3000/" "Mozilla/5.0 (Windows NT 10.0; Win64; x64) AppleWebKit/537.36 (KHTML, like Gecko) Chrome/97.0.4692.99 Safari/537.36"

info: ::1 - - [07/Feb/2022:14:13:32 +0000] "OPTIONS /api/v1/book/book HTTP/1.1" 204 0 "http://localhost:3000/" "Mozilla/5.0 (Windows NT 10.0; Win64; x64) AppleWebKit/537.36 (KHTML, like Gecko) Chrome/97.0.4692.99 Safari/537.36"

info: ::1 - - [07/Feb/2022:14:13:32 +0000] "GET /api/v1/book/book HTTP/1.1" 304 - "http://localhost:3000/" "Mozilla/5.0 (Windows NT 10.0; Win64; x64) AppleWebKit/537.36 (KHTML, like Gecko) Chrome/97.0.4692.99 Safari/537.36"

info: ::1 - - [07/Feb/2022:14:14:11 +0000] "OPTIONS /api/v1/book/book HTTP/1.1" 204 0 "http://localhost:3000/" "Mozilla/5.0 (Windows NT 10.0; Win64; x64) AppleWebKit/537.36 (KHTML, like Gecko) Chrome/97.0.4692.99 Safari/537.36"

info: ::1 - - [07/Feb/2022:14:14:11 +0000] "GET /api/v1/book/book HTTP/1.1" 304 - "http://localhost:3000/" "Mozilla/5.0 (Windows NT 10.0; Win64; x64) AppleWebKit/537.36 (KHTML, like Gecko) Chrome/97.0.4692.99 Safari/537.36"

info: ::1 - - [07/Feb/2022:14:15:00 +0000] "OPTIONS /api/v1/book/book HTTP/1.1" 204 0 "http://localhost:3000/" "Mozilla/5.0 (Windows NT 10.0; Win64; x64) AppleWebKit/537.36 (KHTML, like Gecko) Chrome/97.0.4692.99 Safari/537.36"

info: ::1 - - [07/Feb/2022:14:15:00 +0000] "GET /api/v1/book/book HTTP/1.1" 304 - "http://localhost:3000/" "Mozilla/5.0 (Windows NT 10.0; Win64; x64) AppleWebKit/537.36 (KHTML, like Gecko) Chrome/97.0.4692.99 Safari/537.36"

info: ::1 - - [07/Feb/2022:14:15:12 +0000] "OPTIONS /api/v1/book/book HTTP/1.1" 204 0 "http://localhost:3000/" "Mozilla/5.0 (Windows NT 10.0; Win64; x64) AppleWebKit/537.36 (KHTML, like Gecko) Chrome/97.0.4692.99 Safari/537.36"

info: ::1 - - [07/Feb/2022:14:15:12 +0000] "GET /api/v1/book/book HTTP/1.1" 304 - "http://localhost:3000/" "Mozilla/5.0 (Windows NT 10.0; Win64; x64) AppleWebKit/537.36 (KHTML, like Gecko) Chrome/97.0.4692.99 Safari/537.36"

info: ::1 - - [07/Feb/2022:14:16:00 +0000] "OPTIONS /api/v1/book/book HTTP/1.1" 204 0 "http://localhost:3000/" "Mozilla/5.0 (Windows NT 10.0; Win64; x64) AppleWebKit/537.36 (KHTML, like Gecko) Chrome/97.0.4692.99 Safari/537.36"

info: ::1 - - [07/Feb/2022:14:16:00 +0000] "GET /api/v1/book/book HTTP/1.1" 304 - "http://localhost:3000/" "Mozilla/5.0 (Windows NT 10.0; Win64; x64) AppleWebKit/537.36 (KHTML, like Gecko) Chrome/97.0.4692.99 Safari/537.36"

info: ::1 - - [07/Feb/2022:14:16:51 +0000] "OPTIONS /api/v1/book/book HTTP/1.1" 204 0 "http://localhost:3000/" "Mozilla/5.0 (Windows NT 10.0; Win64; x64) AppleWebKit/537.36 (KHTML, like Gecko) Chrome/97.0.4692.99 Safari/537.36"

info: ::1 - - [07/Feb/2022:14:16:51 +0000] "GET /api/v1/book/book HTTP/1.1" 304 - "http://localhost:3000/" "Mozilla/5.0 (Windows NT 10.0; Win64; x64) AppleWebKit/537.36 (KHTML, like Gecko) Chrome/97.0.4692.99 Safari/537.36"

info: ::1 - - [07/Feb/2022:14:17:07 +0000] "OPTIONS /api/v1/cart/cart/6200f7f29fcbc61d6c4ef77a HTTP/1.1" 204 0 "http://localhost:3000/" "Mozilla/5.0 (Windows NT 10.0; Win64; x64) AppleWebKit/537.36 (KHTML, like Gecko) Chrome/97.0.4692.99 Safari/537.36"

info: ::1 - - [07/Feb/2022:14:17:07 +0000] "POST /api/v1/cart/cart/6200f7f29fcbc61d6c4ef77a HTTP/1.1" 201 255 "http://localhost:3000/" "Mozilla/5.0 (Windows NT 10.0; Win64; x64) AppleWebKit/537.36 (KHTML, like Gecko) Chrome/97.0.4692.99 Safari/537.36"

info: ::1 - - [07/Feb/2022:14:17:27 +0000] "OPTIONS /api/v1/wishlist/wishlist/undefined HTTP/1.1" 204 0 "http://localhost:3000/" "Mozilla/5.0 (Windows NT 10.0; Win64; x64) AppleWebKit/537.36 (KHTML, like Gecko) Chrome/97.0.4692.99 Safari/537.36"

info: ::1 - - [07/Feb/2022:14:17:27 +0000] "POST /api/v1/wishlist/wishlist/undefined HTTP/1.1" 400 56 "http://localhost:3000/" "Mozilla/5.0 (Windows NT 10.0; Win64; x64) AppleWebKit/537.36 (KHTML, like Gecko) Chrome/97.0.4692.99 Safari/537.36"

info: ::1 - - [07/Feb/2022:14:18:20 +0000] "OPTIONS /api/v1/book/book HTTP/1.1" 204 0 "http://localhost:3000/" "Mozilla/5.0 (Windows NT 10.0; Win64; x64) AppleWebKit/537.36 (KHTML, like Gecko) Chrome/97.0.4692.99 Safari/537.36"

info: ::1 - - [07/Feb/2022:14:18:21 +0000] "GET /api/v1/book/book HTTP/1.1" 304 - "http://localhost:3000/" "Mozilla/5.0 (Windows NT 10.0; Win64; x64) AppleWebKit/537.36 (KHTML, like Gecko) Chrome/97.0.4692.99 Safari/537.36"

info: ::1 - - [07/Feb/2022:14:18:27 +0000] "OPTIONS /api/v1/wishlist/wishlist/6200f7f29fcbc61d6c4ef77a HTTP/1.1" 204 0 "http://localhost:3000/" "Mozilla/5.0 (Windows NT 10.0; Win64; x64) AppleWebKit/537.36 (KHTML, like Gecko) Chrome/97.0.4692.99 Safari/537.36"

info: ::1 - - [07/Feb/2022:14:18:27 +0000] "POST /api/v1/wishlist/wishlist/6200f7f29fcbc61d6c4ef77a HTTP/1.1" 400 56 "http://localhost:3000/" "Mozilla/5.0 (Windows NT 10.0; Win64; x64) AppleWebKit/537.36 (KHTML, like Gecko) Chrome/97.0.4692.99 Safari/537.36"

info: ::1 - - [07/Feb/2022:14:19:27 +0000] "OPTIONS /api/v1/wishlist/wishlist/6200f7f29fcbc61d6c4ef77a HTTP/1.1" 204 0 "http://localhost:3000/" "Mozilla/5.0 (Windows NT 10.0; Win64; x64) AppleWebKit/537.36 (KHTML, like Gecko) Chrome/97.0.4692.99 Safari/537.36"

info: ::1 - - [07/Feb/2022:14:19:27 +0000] "POST /api/v1/wishlist/wishlist/6200f7f29fcbc61d6c4ef77a HTTP/1.1" 400 56 "http://localhost:3000/" "Mozilla/5.0 (Windows NT 10.0; Win64; x64) AppleWebKit/537.36 (KHTML, like Gecko) Chrome/97.0.4692.99 Safari/537.36"

info: ::1 - - [07/Feb/2022:14:20:09 +0000] "OPTIONS /api/v1/cart/cart/6200f7f99fcbc61d6c4ef77d HTTP/1.1" 204 0 "http://localhost:3000/" "Mozilla/5.0 (Windows NT 10.0; Win64; x64) AppleWebKit/537.36 (KHTML, like Gecko) Chrome/97.0.4692.99 Safari/537.36"

info: ::1 - - [07/Feb/2022:14:20:09 +0000] "POST /api/v1/cart/cart/6200f7f99fcbc61d6c4ef77d HTTP/1.1" 200 72 "http://localhost:3000/" "Mozilla/5.0 (Windows NT 10.0; Win64; x64) AppleWebKit/537.36 (KHTML, like Gecko) Chrome/97.0.4692.99 Safari/537.36"

info: ::1 - - [07/Feb/2022:14:21:26 +0000] "OPTIONS /api/v1/book/book HTTP/1.1" 204 0 "http://localhost:3000/" "Mozilla/5.0 (Windows NT 10.0; Win64; x64) AppleWebKit/537.36 (KHTML, like Gecko) Chrome/97.0.4692.99 Safari/537.36"

info: ::1 - - [07/Feb/2022:14:21:26 +0000] "GET /api/v1/book/book HTTP/1.1" 304 - "http://localhost:3000/" "Mozilla/5.0 (Windows NT 10.0; Win64; x64) AppleWebKit/537.36 (KHTML, like Gecko) Chrome/97.0.4692.99 Safari/537.36"

info: ::1 - - [07/Feb/2022:14:21:28 +0000] "OPTIONS /api/v1/wishlist/wishlist/6200f7f29fcbc61d6c4ef77a HTTP/1.1" 204 0 "http://localhost:3000/" "Mozilla/5.0 (Windows NT 10.0; Win64; x64) AppleWebKit/537.36 (KHTML, like Gecko) Chrome/97.0.4692.99 Safari/537.36"

info: ::1 - - [07/Feb/2022:14:21:28 +0000] "POST /api/v1/wishlist/wishlist/6200f7f29fcbc61d6c4ef77a HTTP/1.1" 201 230 "http://localhost:3000/" "Mozilla/5.0 (Windows NT 10.0; Win64; x64) AppleWebKit/537.36 (KHTML, like Gecko) Chrome/97.0.4692.99 Safari/537.36"

info: ::1 - - [07/Feb/2022:14:21:56 +0000] "OPTIONS /api/v1/wishlist/wishlist/6200f7f29fcbc61d6c4ef77a HTTP/1.1" 204 0 "http://localhost:3000/" "Mozilla/5.0 (Windows NT 10.0; Win64; x64) AppleWebKit/537.36 (KHTML, like Gecko) Chrome/97.0.4692.99 Safari/537.36"

info: ::1 - - [07/Feb/2022:14:21:56 +0000] "POST /api/v1/wishlist/wishlist/6200f7f29fcbc61d6c4ef77a HTTP/1.1" 200 72 "http://localhost:3000/" "Mozilla/5.0 (Windows NT 10.0; Win64; x64) AppleWebKit/537.36 (KHTML, like Gecko) Chrome/97.0.4692.99 Safari/537.36"

info: ::1 - - [07/Feb/2022:14:23:07 +0000] "OPTIONS /api/v1/cart/cart/6200f7e99fcbc61d6c4ef777 HTTP/1.1" 204 0 "http://localhost:3000/" "Mozilla/5.0 (Windows NT 10.0; Win64; x64) AppleWebKit/537.36 (KHTML, like Gecko) Chrome/97.0.4692.99 Safari/537.36"

info: ::1 - - [07/Feb/2022:14:23:07 +0000] "POST /api/v1/cart/cart/6200f7e99fcbc61d6c4ef777 HTTP/1.1" 200 72 "http://localhost:3000/" "Mozilla/5.0 (Windows NT 10.0; Win64; x64) AppleWebKit/537.36 (KHTML, like Gecko) Chrome/97.0.4692.99 Safari/537.36"

info: ::1 - - [07/Feb/2022:14:23:08 +0000] "OPTIONS /api/v1/wishlist/wishlist/6200f7e99fcbc61d6c4ef777 HTTP/1.1" 204 0 "http://localhost:3000/" "Mozilla/5.0 (Windows NT 10.0; Win64; x64) AppleWebKit/537.36 (KHTML, like Gecko) Chrome/97.0.4692.99 Safari/537.36"

info: ::1 - - [07/Feb/2022:14:23:08 +0000] "POST /api/v1/wishlist/wishlist/6200f7e99fcbc61d6c4ef777 HTTP/1.1" 200 296 "http://localhost:3000/" "Mozilla/5.0 (Windows NT 10.0; Win64; x64) AppleWebKit/537.36 (KHTML, like Gecko) Chrome/97.0.4692.99 Safari/537.36"

info: ::1 - - [07/Feb/2022:14:28:20 +0000] "OPTIONS /api/v1/book/book HTTP/1.1" 204 0 "http://localhost:3000/" "Mozilla/5.0 (Windows NT 10.0; Win64; x64) AppleWebKit/537.36 (KHTML, like Gecko) Chrome/97.0.4692.99 Safari/537.36"

info: ::1 - - [07/Feb/2022:14:28:20 +0000] "GET /api/v1/book/book HTTP/1.1" 304 - "http://localhost:3000/" "Mozilla/5.0 (Windows NT 10.0; Win64; x64) AppleWebKit/537.36 (KHTML, like Gecko) Chrome/97.0.4692.99 Safari/537.36"

info: ::1 - - [07/Feb/2022:14:38:39 +0000] "OPTIONS /api/v1/cart/cart HTTP/1.1" 204 0 "http://localhost:3000/" "Mozilla/5.0 (Windows NT 10.0; Win64; x64) AppleWebKit/537.36 (KHTML, like Gecko) Chrome/97.0.4692.99 Safari/537.36"

info: ::1 - - [07/Feb/2022:14:38:39 +0000] "GET /api/v1/cart/cart HTTP/1.1" 200 383 "http://localhost:3000/" "Mozilla/5.0 (Windows NT 10.0; Win64; x64) AppleWebKit/537.36 (KHTML, like Gecko) Chrome/97.0.4692.99 Safari/537.36"

info: ::1 - - [07/Feb/2022:14:54:10 +0000] "OPTIONS /api/v1/book/book HTTP/1.1" 204 0 "http://localhost:3000/" "Mozilla/5.0 (Windows NT 10.0; Win64; x64) AppleWebKit/537.36 (KHTML, like Gecko) Chrome/97.0.4692.99 Safari/537.36"

info: ::1 - - [07/Feb/2022:14:54:10 +0000] "GET /api/v1/book/book HTTP/1.1" 304 - "http://localhost:3000/" "Mozilla/5.0 (Windows NT 10.0; Win64; x64) AppleWebKit/537.36 (KHTML, like Gecko) Chrome/97.0.4692.99 Safari/537.36"

info: ::1 - - [07/Feb/2022:16:44:20 +0000] "OPTIONS /api/v1/book/book HTTP/1.1" 204 0 "http://localhost:3000/" "Mozilla/5.0 (Windows NT 10.0; Win64; x64) AppleWebKit/537.36 (KHTML, like Gecko) Chrome/97.0.4692.99 Safari/537.36"

info: ::1 - - [07/Feb/2022:16:44:20 +0000] "GET /api/v1/book/book HTTP/1.1" 304 - "http://localhost:3000/" "Mozilla/5.0 (Windows NT 10.0; Win64; x64) AppleWebKit/537.36 (KHTML, like Gecko) Chrome/97.0.4692.99 Safari/537.36"

info: ::1 - - [07/Feb/2022:16:44:46 +0000] "OPTIONS /api/v1/cart/cart HTTP/1.1" 204 0 "http://localhost:3000/" "Mozilla/5.0 (Windows NT 10.0; Win64; x64) AppleWebKit/537.36 (KHTML, like Gecko) Chrome/97.0.4692.99 Safari/537.36"

info: ::1 - - [07/Feb/2022:16:44:46 +0000] "GET /api/v1/cart/cart HTTP/1.1" 304 - "http://localhost:3000/" "Mozilla/5.0 (Windows NT 10.0; Win64; x64) AppleWebKit/537.36 (KHTML, like Gecko) Chrome/97.0.4692.99 Safari/537.36"

info: ::1 - - [07/Feb/2022:16:52:44 +0000] "OPTIONS /api/v1/wishlist/wishlist HTTP/1.1" 204 0 "http://localhost:3000/" "Mozilla/5.0 (Windows NT 10.0; Win64; x64) AppleWebKit/537.36 (KHTML, like Gecko) Chrome/97.0.4692.99 Safari/537.36"

info: ::1 - - [07/Feb/2022:16:52:44 +0000] "GET /api/v1/wishlist/wishlist HTTP/1.1" 200 294 "http://localhost:3000/" "Mozilla/5.0 (Windows NT 10.0; Win64; x64) AppleWebKit/537.36 (KHTML, like Gecko) Chrome/97.0.4692.99 Safari/537.36"

info: ::1 - - [07/Feb/2022:16:53:21 +0000] "OPTIONS /api/v1/cart/cart HTTP/1.1" 204 0 "http://localhost:3000/" "Mozilla/5.0 (Windows NT 10.0; Win64; x64) AppleWebKit/537.36 (KHTML, like Gecko) Chrome/97.0.4692.99 Safari/537.36"

info: ::1 - - [07/Feb/2022:16:53:21 +0000] "GET /api/v1/cart/cart HTTP/1.1" 304 - "http://localhost:3000/" "Mozilla/5.0 (Windows NT 10.0; Win64; x64) AppleWebKit/537.36 (KHTML, like Gecko) Chrome/97.0.4692.99 Safari/537.36"

info: ::1 - - [07/Feb/2022:16:54:56 +0000] "OPTIONS /api/v1/cart/cart HTTP/1.1" 204 0 "http://localhost:3000/" "Mozilla/5.0 (Windows NT 10.0; Win64; x64) AppleWebKit/537.36 (KHTML, like Gecko) Chrome/97.0.4692.99 Safari/537.36"

info: ::1 - - [07/Feb/2022:16:54:56 +0000] "GET /api/v1/cart/cart HTTP/1.1" 304 - "http://localhost:3000/" "Mozilla/5.0 (Windows NT 10.0; Win64; x64) AppleWebKit/537.36 (KHTML, like Gecko) Chrome/97.0.4692.99 Safari/537.36"

info: ::1 - - [07/Feb/2022:16:58:04 +0000] "OPTIONS /api/v1/cart/cart HTTP/1.1" 204 0 "http://localhost:3000/" "Mozilla/5.0 (Windows NT 10.0; Win64; x64) AppleWebKit/537.36 (KHTML, like Gecko) Chrome/97.0.4692.99 Safari/537.36"

info: ::1 - - [07/Feb/2022:16:58:04 +0000] "GET /api/v1/cart/cart HTTP/1.1" 304 - "http://localhost:3000/" "Mozilla/5.0 (Windows NT 10.0; Win64; x64) AppleWebKit/537.36 (KHTML, like Gecko) Chrome/97.0.4692.99 Safari/537.36"

info: ::1 - - [07/Feb/2022:17:00:24 +0000] "OPTIONS /api/v1/cart/cart HTTP/1.1" 204 0 "http://localhost:3000/" "Mozilla/5.0 (Windows NT 10.0; Win64; x64) AppleWebKit/537.36 (KHTML, like Gecko) Chrome/97.0.4692.99 Safari/537.36"

info: ::1 - - [07/Feb/2022:17:00:24 +0000] "GET /api/v1/cart/cart HTTP/1.1" 304 - "http://localhost:3000/" "Mozilla/5.0 (Windows NT 10.0; Win64; x64) AppleWebKit/537.36 (KHTML, like Gecko) Chrome/97.0.4692.99 Safari/537.36"

info: ::1 - - [07/Feb/2022:17:02:10 +0000] "OPTIONS /api/v1/cart/cart HTTP/1.1" 204 0 "http://localhost:3000/" "Mozilla/5.0 (Windows NT 10.0; Win64; x64) AppleWebKit/537.36 (KHTML, like Gecko) Chrome/97.0.4692.99 Safari/537.36"

info: ::1 - - [07/Feb/2022:17:02:10 +0000] "GET /api/v1/cart/cart HTTP/1.1" 304 - "http://localhost:3000/" "Mozilla/5.0 (Windows NT 10.0; Win64; x64) AppleWebKit/537.36 (KHTML, like Gecko) Chrome/97.0.4692.99 Safari/537.36"

info: ::1 - - [07/Feb/2022:17:02:46 +0000] "OPTIONS /api/v1/cart/cart HTTP/1.1" 204 0 "http://localhost:3000/" "Mozilla/5.0 (Windows NT 10.0; Win64; x64) AppleWebKit/537.36 (KHTML, like Gecko) Chrome/97.0.4692.99 Safari/537.36"

info: ::1 - - [07/Feb/2022:17:02:46 +0000] "GET /api/v1/cart/cart HTTP/1.1" 304 - "http://localhost:3000/" "Mozilla/5.0 (Windows NT 10.0; Win64; x64) AppleWebKit/537.36 (KHTML, like Gecko) Chrome/97.0.4692.99 Safari/537.36"

info: ::1 - - [07/Feb/2022:17:03:59 +0000] "OPTIONS /api/v1/cart/cart HTTP/1.1" 204 0 "http://localhost:3000/" "Mozilla/5.0 (Windows NT 10.0; Win64; x64) AppleWebKit/537.36 (KHTML, like Gecko) Chrome/97.0.4692.99 Safari/537.36"

info: ::1 - - [07/Feb/2022:17:03:59 +0000] "GET /api/v1/cart/cart HTTP/1.1" 304 - "http://localhost:3000/" "Mozilla/5.0 (Windows NT 10.0; Win64; x64) AppleWebKit/537.36 (KHTML, like Gecko) Chrome/97.0.4692.99 Safari/537.36"

info: ::1 - - [07/Feb/2022:17:05:43 +0000] "OPTIONS /api/v1/cart/cart HTTP/1.1" 204 0 "http://localhost:3000/" "Mozilla/5.0 (Windows NT 10.0; Win64; x64) AppleWebKit/537.36 (KHTML, like Gecko) Chrome/97.0.4692.99 Safari/537.36"

info: ::1 - - [07/Feb/2022:17:05:43 +0000] "GET /api/v1/cart/cart HTTP/1.1" 304 - "http://localhost:3000/" "Mozilla/5.0 (Windows NT 10.0; Win64; x64) AppleWebKit/537.36 (KHTML, like Gecko) Chrome/97.0.4692.99 Safari/537.36"

info: ::1 - - [07/Feb/2022:17:06:25 +0000] "OPTIONS /api/v1/book/book HTTP/1.1" 204 0 "http://localhost:3000/" "Mozilla/5.0 (Windows NT 10.0; Win64; x64) AppleWebKit/537.36 (KHTML, like Gecko) Chrome/97.0.4692.99 Safari/537.36"

info: ::1 - - [07/Feb/2022:17:06:25 +0000] "GET /api/v1/book/book HTTP/1.1" 304 - "http://localhost:3000/" "Mozilla/5.0 (Windows NT 10.0; Win64; x64) AppleWebKit/537.36 (KHTML, like Gecko) Chrome/97.0.4692.99 Safari/537.36"

info: ::1 - - [07/Feb/2022:17:06:31 +0000] "OPTIONS /api/v1/cart/cart HTTP/1.1" 204 0 "http://localhost:3000/" "Mozilla/5.0 (Windows NT 10.0; Win64; x64) AppleWebKit/537.36 (KHTML, like Gecko) Chrome/97.0.4692.99 Safari/537.36"

info: ::1 - - [07/Feb/2022:17:06:31 +0000] "GET /api/v1/cart/cart HTTP/1.1" 304 - "http://localhost:3000/" "Mozilla/5.0 (Windows NT 10.0; Win64; x64) AppleWebKit/537.36 (KHTML, like Gecko) Chrome/97.0.4692.99 Safari/537.36"

info: ::1 - - [07/Feb/2022:17:10:38 +0000] "OPTIONS /api/v1/book/book HTTP/1.1" 204 0 "http://localhost:3000/" "Mozilla/5.0 (Windows NT 10.0; Win64; x64) AppleWebKit/537.36 (KHTML, like Gecko) Chrome/97.0.4692.99 Safari/537.36"

info: ::1 - - [07/Feb/2022:17:10:38 +0000] "GET /api/v1/book/book HTTP/1.1" 304 - "http://localhost:3000/" "Mozilla/5.0 (Windows NT 10.0; Win64; x64) AppleWebKit/537.36 (KHTML, like Gecko) Chrome/97.0.4692.99 Safari/537.36"

info: ::1 - - [07/Feb/2022:17:10:39 +0000] "OPTIONS /api/v1/cart/cart HTTP/1.1" 204 0 "http://localhost:3000/" "Mozilla/5.0 (Windows NT 10.0; Win64; x64) AppleWebKit/537.36 (KHTML, like Gecko) Chrome/97.0.4692.99 Safari/537.36"

info: ::1 - - [07/Feb/2022:17:10:39 +0000] "GET /api/v1/cart/cart HTTP/1.1" 304 - "http://localhost:3000/" "Mozilla/5.0 (Windows NT 10.0; Win64; x64) AppleWebKit/537.36 (KHTML, like Gecko) Chrome/97.0.4692.99 Safari/537.36"

info: ::1 - - [07/Feb/2022:17:11:28 +0000] "OPTIONS /api/v1/book/book HTTP/1.1" 204 0 "http://localhost:3000/" "Mozilla/5.0 (Windows NT 10.0; Win64; x64) AppleWebKit/537.36 (KHTML, like Gecko) Chrome/97.0.4692.99 Safari/537.36"

info: ::1 - - [07/Feb/2022:17:11:28 +0000] "GET /api/v1/book/book HTTP/1.1" 304 - "http://localhost:3000/" "Mozilla/5.0 (Windows NT 10.0; Win64; x64) AppleWebKit/537.36 (KHTML, like Gecko) Chrome/97.0.4692.99 Safari/537.36"

info: ::1 - - [07/Feb/2022:17:11:31 +0000] "OPTIONS /api/v1/cart/cart HTTP/1.1" 204 0 "http://localhost:3000/" "Mozilla/5.0 (Windows NT 10.0; Win64; x64) AppleWebKit/537.36 (KHTML, like Gecko) Chrome/97.0.4692.99 Safari/537.36"

info: ::1 - - [07/Feb/2022:17:11:31 +0000] "GET /api/v1/cart/cart HTTP/1.1" 304 - "http://localhost:3000/" "Mozilla/5.0 (Windows NT 10.0; Win64; x64) AppleWebKit/537.36 (KHTML, like Gecko) Chrome/97.0.4692.99 Safari/537.36"

info: ::1 - - [07/Feb/2022:17:12:28 +0000] "OPTIONS /api/v1/book/book HTTP/1.1" 204 0 "http://localhost:3000/" "Mozilla/5.0 (Windows NT 10.0; Win64; x64) AppleWebKit/537.36 (KHTML, like Gecko) Chrome/97.0.4692.99 Safari/537.36"

info: ::1 - - [07/Feb/2022:17:12:28 +0000] "GET /api/v1/book/book HTTP/1.1" 304 - "http://localhost:3000/" "Mozilla/5.0 (Windows NT 10.0; Win64; x64) AppleWebKit/537.36 (KHTML, like Gecko) Chrome/97.0.4692.99 Safari/537.36"

info: ::1 - - [07/Feb/2022:17:12:29 +0000] "OPTIONS /api/v1/cart/cart HTTP/1.1" 204 0 "http://localhost:3000/" "Mozilla/5.0 (Windows NT 10.0; Win64; x64) AppleWebKit/537.36 (KHTML, like Gecko) Chrome/97.0.4692.99 Safari/537.36"

info: ::1 - - [07/Feb/2022:17:12:29 +0000] "GET /api/v1/cart/cart HTTP/1.1" 304 - "http://localhost:3000/" "Mozilla/5.0 (Windows NT 10.0; Win64; x64) AppleWebKit/537.36 (KHTML, like Gecko) Chrome/97.0.4692.99 Safari/537.36"

info: ::1 - - [07/Feb/2022:17:13:06 +0000] "OPTIONS /api/v1/book/book HTTP/1.1" 204 0 "http://localhost:3000/" "Mozilla/5.0 (Windows NT 10.0; Win64; x64) AppleWebKit/537.36 (KHTML, like Gecko) Chrome/97.0.4692.99 Safari/537.36"

info: ::1 - - [07/Feb/2022:17:13:06 +0000] "GET /api/v1/book/book HTTP/1.1" 304 - "http://localhost:3000/" "Mozilla/5.0 (Windows NT 10.0; Win64; x64) AppleWebKit/537.36 (KHTML, like Gecko) Chrome/97.0.4692.99 Safari/537.36"

info: ::1 - - [07/Feb/2022:17:13:07 +0000] "OPTIONS /api/v1/cart/cart HTTP/1.1" 204 0 "http://localhost:3000/" "Mozilla/5.0 (Windows NT 10.0; Win64; x64) AppleWebKit/537.36 (KHTML, like Gecko) Chrome/97.0.4692.99 Safari/537.36"

info: ::1 - - [07/Feb/2022:17:13:07 +0000] "GET /api/v1/cart/cart HTTP/1.1" 304 - "http://localhost:3000/" "Mozilla/5.0 (Windows NT 10.0; Win64; x64) AppleWebKit/537.36 (KHTML, like Gecko) Chrome/97.0.4692.99 Safari/537.36"

info: ::1 - - [07/Feb/2022:17:21:58 +0000] "OPTIONS /api/v1/cart/update/[object%20Object] HTTP/1.1" 204 0 "http://localhost:3000/" "Mozilla/5.0 (Windows NT 10.0; Win64; x64) AppleWebKit/537.36 (KHTML, like Gecko) Chrome/97.0.4692.99 Safari/537.36"

info: ::1 - - [07/Feb/2022:17:21:58 +0000] "PUT /api/v1/cart/update/[object%20Object] HTTP/1.1" 404 76 "http://localhost:3000/" "Mozilla/5.0 (Windows NT 10.0; Win64; x64) AppleWebKit/537.36 (KHTML, like Gecko) Chrome/97.0.4692.99 Safari/537.36"

info: ::1 - - [07/Feb/2022:17:25:51 +0000] "OPTIONS /api/v1/cart/update/6200f7f29fcbc61d6c4ef77a HTTP/1.1" 204 0 "http://localhost:3000/" "Mozilla/5.0 (Windows NT 10.0; Win64; x64) AppleWebKit/537.36 (KHTML, like Gecko) Chrome/97.0.4692.99 Safari/537.36"

info: ::1 - - [07/Feb/2022:17:25:51 +0000] "PUT /api/v1/cart/update/6200f7f29fcbc61d6c4ef77a HTTP/1.1" 200 65 "http://localhost:3000/" "Mozilla/5.0 (Windows NT 10.0; Win64; x64) AppleWebKit/537.36 (KHTML, like Gecko) Chrome/97.0.4692.99 Safari/537.36"

info: ::1 - - [07/Feb/2022:17:26:59 +0000] "OPTIONS /api/v1/cart/cart HTTP/1.1" 204 0 "http://localhost:3000/" "Mozilla/5.0 (Windows NT 10.0; Win64; x64) AppleWebKit/537.36 (KHTML, like Gecko) Chrome/97.0.4692.99 Safari/537.36"

info: ::1 - - [07/Feb/2022:17:26:59 +0000] "GET /api/v1/cart/cart HTTP/1.1" 200 312 "http://localhost:3000/" "Mozilla/5.0 (Windows NT 10.0; Win64; x64) AppleWebKit/537.36 (KHTML, like Gecko) Chrome/97.0.4692.99 Safari/537.36"

info: ::1 - - [07/Feb/2022:17:28:31 +0000] "OPTIONS /api/v1/cart/update/undefined HTTP/1.1" 204 0 "http://localhost:3000/" "Mozilla/5.0 (Windows NT 10.0; Win64; x64) AppleWebKit/537.36 (KHTML, like Gecko) Chrome/97.0.4692.99 Safari/537.36"

info: ::1 - - [07/Feb/2022:17:28:31 +0000] "PUT /api/v1/cart/update/undefined HTTP/1.1" 404 76 "http://localhost:3000/" "Mozilla/5.0 (Windows NT 10.0; Win64; x64) AppleWebKit/537.36 (KHTML, like Gecko) Chrome/97.0.4692.99 Safari/537.36"

info: ::1 - - [07/Feb/2022:17:29:43 +0000] "OPTIONS /api/v1/cart/update/6200f7f99fcbc61d6c4ef77d HTTP/1.1" 204 0 "http://localhost:3000/" "Mozilla/5.0 (Windows NT 10.0; Win64; x64) AppleWebKit/537.36 (KHTML, like Gecko) Chrome/97.0.4692.99 Safari/537.36"

info: ::1 - - [07/Feb/2022:17:29:43 +0000] "PUT /api/v1/cart/update/6200f7f99fcbc61d6c4ef77d HTTP/1.1" 200 65 "http://localhost:3000/" "Mozilla/5.0 (Windows NT 10.0; Win64; x64) AppleWebKit/537.36 (KHTML, like Gecko) Chrome/97.0.4692.99 Safari/537.36"

info: ::1 - - [07/Feb/2022:17:30:22 +0000] "OPTIONS /api/v1/book/book HTTP/1.1" 204 0 "http://localhost:3000/" "Mozilla/5.0 (Windows NT 10.0; Win64; x64) AppleWebKit/537.36 (KHTML, like Gecko) Chrome/97.0.4692.99 Safari/537.36"

info: ::1 - - [07/Feb/2022:17:30:22 +0000] "GET /api/v1/book/book HTTP/1.1" 304 - "http://localhost:3000/" "Mozilla/5.0 (Windows NT 10.0; Win64; x64) AppleWebKit/537.36 (KHTML, like Gecko) Chrome/97.0.4692.99 Safari/537.36"

info: ::1 - - [07/Feb/2022:17:30:27 +0000] "OPTIONS /api/v1/cart/cart/6200f7f29fcbc61d6c4ef77a HTTP/1.1" 204 0 "http://localhost:3000/" "Mozilla/5.0 (Windows NT 10.0; Win64; x64) AppleWebKit/537.36 (KHTML, like Gecko) Chrome/97.0.4692.99 Safari/537.36"

info: ::1 - - [07/Feb/2022:17:30:27 +0000] "POST /api/v1/cart/cart/6200f7f29fcbc61d6c4ef77a HTTP/1.1" 200 72 "http://localhost:3000/" "Mozilla/5.0 (Windows NT 10.0; Win64; x64) AppleWebKit/537.36 (KHTML, like Gecko) Chrome/97.0.4692.99 Safari/537.36"

info: ::1 - - [07/Feb/2022:17:30:49 +0000] "OPTIONS /api/v1/cart/cart HTTP/1.1" 204 0 "http://localhost:3000/" "Mozilla/5.0 (Windows NT 10.0; Win64; x64) AppleWebKit/537.36 (KHTML, like Gecko) Chrome/97.0.4692.99 Safari/537.36"

info: ::1 - - [07/Feb/2022:17:30:49 +0000] "GET /api/v1/cart/cart HTTP/1.1" 200 312 "http://localhost:3000/" "Mozilla/5.0 (Windows NT 10.0; Win64; x64) AppleWebKit/537.36 (KHTML, like Gecko) Chrome/97.0.4692.99 Safari/537.36"

info: ::1 - - [07/Feb/2022:17:46:19 +0000] "OPTIONS /api/v1/book/book HTTP/1.1" 204 0 "http://localhost:3000/" "Mozilla/5.0 (Windows NT 10.0; Win64; x64) AppleWebKit/537.36 (KHTML, like Gecko) Chrome/97.0.4692.99 Safari/537.36"

info: ::1 - - [07/Feb/2022:17:46:19 +0000] "GET /api/v1/book/book HTTP/1.1" 304 - "http://localhost:3000/" "Mozilla/5.0 (Windows NT 10.0; Win64; x64) AppleWebKit/537.36 (KHTML, like Gecko) Chrome/97.0.4692.99 Safari/537.36"

info: ::1 - - [07/Feb/2022:17:46:19 +0000] "GET /api/v1/book/book HTTP/1.1" 304 - "http://localhost:3000/" "Mozilla/5.0 (Windows NT 10.0; Win64; x64) AppleWebKit/537.36 (KHTML, like Gecko) Chrome/97.0.4692.99 Safari/537.36"

info: ::1 - - [07/Feb/2022:17:46:41 +0000] "OPTIONS /api/v1/wishlist/wishlist/6200f7f29fcbc61d6c4ef77a HTTP/1.1" 204 0 "http://localhost:3000/" "Mozilla/5.0 (Windows NT 10.0; Win64; x64) AppleWebKit/537.36 (KHTML, like Gecko) Chrome/97.0.4692.99 Safari/537.36"

info: ::1 - - [07/Feb/2022:17:46:41 +0000] "POST /api/v1/wishlist/wishlist/6200f7f29fcbc61d6c4ef77a HTTP/1.1" 200 72 "http://localhost:3000/" "Mozilla/5.0 (Windows NT 10.0; Win64; x64) AppleWebKit/537.36 (KHTML, like Gecko) Chrome/97.0.4692.99 Safari/537.36"

info: ::1 - - [07/Feb/2022:17:47:01 +0000] "OPTIONS /api/v1/wishlist/wishlist HTTP/1.1" 204 0 "http://localhost:3000/" "Mozilla/5.0 (Windows NT 10.0; Win64; x64) AppleWebKit/537.36 (KHTML, like Gecko) Chrome/97.0.4692.99 Safari/537.36"

info: ::1 - - [07/Feb/2022:17:47:01 +0000] "GET /api/v1/wishlist/wishlist HTTP/1.1" 304 - "http://localhost:3000/" "Mozilla/5.0 (Windows NT 10.0; Win64; x64) AppleWebKit/537.36 (KHTML, like Gecko) Chrome/97.0.4692.99 Safari/537.36"

info: ::1 - - [07/Feb/2022:17:49:56 +0000] "OPTIONS /api/v1/book/book HTTP/1.1" 204 0 "http://localhost:3000/" "Mozilla/5.0 (Windows NT 10.0; Win64; x64) AppleWebKit/537.36 (KHTML, like Gecko) Chrome/97.0.4692.99 Safari/537.36"

info: ::1 - - [07/Feb/2022:17:49:56 +0000] "GET /api/v1/book/book HTTP/1.1" 304 - "http://localhost:3000/" "Mozilla/5.0 (Windows NT 10.0; Win64; x64) AppleWebKit/537.36 (KHTML, like Gecko) Chrome/97.0.4692.99 Safari/537.36"

info: ::1 - - [07/Feb/2022:17:49:59 +0000] "OPTIONS /api/v1/wishlist/wishlist HTTP/1.1" 204 0 "http://localhost:3000/" "Mozilla/5.0 (Windows NT 10.0; Win64; x64) AppleWebKit/537.36 (KHTML, like Gecko) Chrome/97.0.4692.99 Safari/537.36"

info: ::1 - - [07/Feb/2022:17:49:59 +0000] "GET /api/v1/wishlist/wishlist HTTP/1.1" 304 - "http://localhost:3000/" "Mozilla/5.0 (Windows NT 10.0; Win64; x64) AppleWebKit/537.36 (KHTML, like Gecko) Chrome/97.0.4692.99 Safari/537.36"

info: ::1 - - [07/Feb/2022:17:50:33 +0000] "GET /api/v1/wishlist/wishlist HTTP/1.1" 400 56 "-" "Mozilla/5.0 (Windows NT 10.0; Win64; x64) AppleWebKit/537.36 (KHTML, like Gecko) Chrome/97.0.4692.99 Safari/537.36"

info: ::1 - - [07/Feb/2022:17:50:33 +0000] "GET /favicon.ico HTTP/1.1" 404 47 "http://localhost:9000/api/v1/wishlist/wishlist" "Mozilla/5.0 (Windows NT 10.0; Win64; x64) AppleWebKit/537.36 (KHTML, like Gecko) Chrome/97.0.4692.99 Safari/537.36"

info: ::1 - - [07/Feb/2022:17:50:39 +0000] "GET /api/v1/wishlist/wishlist HTTP/1.1" 400 56 "-" "Mozilla/5.0 (Windows NT 10.0; Win64; x64) AppleWebKit/537.36 (KHTML, like Gecko) Chrome/97.0.4692.99 Safari/537.36"

info: ::ffff:127.0.0.1 - - [07/Feb/2022:17:53:39 +0000] "GET /api/v1/wishlist/wishlist HTTP/1.1" 200 65 "-" "Thunder Client (https://www.thunderclient.io)"

info: ::ffff:127.0.0.1 - - [07/Feb/2022:17:54:06 +0000] "GET /api/v1/wishlist/wishlist HTTP/1.1" 200 65 "-" "Thunder Client (https://www.thunderclient.io)"

info: ::ffff:127.0.0.1 - - [07/Feb/2022:17:54:08 +0000] "GET /api/v1/wishlist/wishlist HTTP/1.1" 200 65 "-" "Thunder Client (https://www.thunderclient.io)"

info: ::ffff:127.0.0.1 - - [07/Feb/2022:17:54:09 +0000] "GET /api/v1/wishlist/wishlist HTTP/1.1" 200 65 "-" "Thunder Client (https://www.thunderclient.io)"

info: ::ffff:127.0.0.1 - - [07/Feb/2022:17:54:17 +0000] "GET /api/v1/wishlist/wishlist HTTP/1.1" 200 65 "-" "Thunder Client (https://www.thunderclient.io)"

info: ::ffff:127.0.0.1 - - [07/Feb/2022:17:54:18 +0000] "GET /api/v1/wishlist/wishlist HTTP/1.1" 200 65 "-" "Thunder Client (https://www.thunderclient.io)"

info: ::ffff:127.0.0.1 - - [07/Feb/2022:17:54:19 +0000] "GET /api/v1/wishlist/wishlist HTTP/1.1" 200 65 "-" "Thunder Client (https://www.thunderclient.io)"

info: ::ffff:127.0.0.1 - - [07/Feb/2022:17:54:20 +0000] "GET /api/v1/wishlist/wishlist HTTP/1.1" 200 65 "-" "Thunder Client (https://www.thunderclient.io)"

info: ::ffff:127.0.0.1 - - [07/Feb/2022:17:54:20 +0000] "GET /api/v1/wishlist/wishlist HTTP/1.1" 200 65 "-" "Thunder Client (https://www.thunderclient.io)"

info: ::ffff:127.0.0.1 - - [07/Feb/2022:17:54:20 +0000] "GET /api/v1/wishlist/wishlist HTTP/1.1" 200 65 "-" "Thunder Client (https://www.thunderclient.io)"

info: ::ffff:127.0.0.1 - - [07/Feb/2022:17:54:20 +0000] "GET /api/v1/wishlist/wishlist HTTP/1.1" 200 65 "-" "Thunder Client (https://www.thunderclient.io)"

info: ::ffff:127.0.0.1 - - [07/Feb/2022:17:54:21 +0000] "GET /api/v1/wishlist/wishlist HTTP/1.1" 200 65 "-" "Thunder Client (https://www.thunderclient.io)"

info: ::ffff:127.0.0.1 - - [07/Feb/2022:17:54:21 +0000] "GET /api/v1/wishlist/wishlist HTTP/1.1" 200 65 "-" "Thunder Client (https://www.thunderclient.io)"

info: ::ffff:127.0.0.1 - - [07/Feb/2022:17:54:21 +0000] "GET /api/v1/wishlist/wishlist HTTP/1.1" 200 65 "-" "Thunder Client (https://www.thunderclient.io)"

info: ::ffff:127.0.0.1 - - [07/Feb/2022:17:54:35 +0000] "POST /api/v1/wishlist/wishlist/61fc0a317f10df0aa05586af HTTP/1.1" 200 72 "-" "Thunder Client (https://www.thunderclient.io)"

info: ::ffff:127.0.0.1 - - [07/Feb/2022:17:54:58 +0000] "POST /api/v1/wishlist/wishlist/6200f7e99fcbc61d6c4ef777 HTTP/1.1" 201 230 "-" "Thunder Client (https://www.thunderclient.io)"

info: ::ffff:127.0.0.1 - - [07/Feb/2022:17:55:02 +0000] "GET /api/v1/wishlist/wishlist HTTP/1.1" 200 65 "-" "Thunder Client (https://www.thunderclient.io)"

info: ::ffff:127.0.0.1 - - [07/Feb/2022:17:55:03 +0000] "GET /api/v1/wishlist/wishlist HTTP/1.1" 200 65 "-" "Thunder Client (https://www.thunderclient.io)"

info: ::ffff:127.0.0.1 - - [07/Feb/2022:17:55:03 +0000] "GET /api/v1/wishlist/wishlist HTTP/1.1" 200 65 "-" "Thunder Client (https://www.thunderclient.io)"

info: ::ffff:127.0.0.1 - - [07/Feb/2022:17:55:05 +0000] "GET /api/v1/wishlist/wishlist HTTP/1.1" 200 65 "-" "Thunder Client (https://www.thunderclient.io)"

info: ::ffff:127.0.0.1 - - [07/Feb/2022:17:55:05 +0000] "GET /api/v1/wishlist/wishlist HTTP/1.1" 200 65 "-" "Thunder Client (https://www.thunderclient.io)"

info: ::ffff:127.0.0.1 - - [07/Feb/2022:17:55:06 +0000] "GET /api/v1/wishlist/wishlist HTTP/1.1" 200 65 "-" "Thunder Client (https://www.thunderclient.io)"

info: ::ffff:127.0.0.1 - - [07/Feb/2022:17:55:06 +0000] "GET /api/v1/wishlist/wishlist HTTP/1.1" 200 65 "-" "Thunder Client (https://www.thunderclient.io)"

info: ::ffff:127.0.0.1 - - [07/Feb/2022:17:55:07 +0000] "GET /api/v1/wishlist/wishlist HTTP/1.1" 200 65 "-" "Thunder Client (https://www.thunderclient.io)"

info: ::ffff:127.0.0.1 - - [07/Feb/2022:17:55:07 +0000] "GET /api/v1/wishlist/wishlist HTTP/1.1" 200 65 "-" "Thunder Client (https://www.thunderclient.io)"

info: ::ffff:127.0.0.1 - - [07/Feb/2022:17:55:08 +0000] "GET /api/v1/wishlist/wishlist HTTP/1.1" 200 65 "-" "Thunder Client (https://www.thunderclient.io)"

info: ::ffff:127.0.0.1 - - [07/Feb/2022:17:56:35 +0000] "GET /api/v1/wishlist/wishlist HTTP/1.1" 200 65 "-" "Thunder Client (https://www.thunderclient.io)"

info: ::ffff:127.0.0.1 - - [07/Feb/2022:17:57:19 +0000] "GET /api/v1/wishlist/wishlist HTTP/1.1" 200 65 "-" "Thunder Client (https://www.thunderclient.io)"

info: ::ffff:127.0.0.1 - - [07/Feb/2022:17:58:46 +0000] "GET /api/v1/wishlist/wishlist HTTP/1.1" 200 65 "-" "Thunder Client (https://www.thunderclient.io)"

info: ::ffff:127.0.0.1 - - [07/Feb/2022:18:00:40 +0000] "POST /api/v1/wishlist/wishlist/6200f7e99fcbc61d6c4ef777 HTTP/1.1" 201 230 "-" "Thunder Client (https://www.thunderclient.io)"

info: ::ffff:127.0.0.1 - - [07/Feb/2022:18:00:48 +0000] "GET /api/v1/wishlist/wishlist HTTP/1.1" 200 65 "-" "Thunder Client (https://www.thunderclient.io)"

info: ::ffff:127.0.0.1 - - [07/Feb/2022:18:02:05 +0000] "POST /api/v1/wishlist/wishlist/6200f7e99fcbc61d6c4ef777 HTTP/1.1" 201 230 "-" "Thunder Client (https://www.thunderclient.io)"

info: ::ffff:127.0.0.1 - - [07/Feb/2022:18:02:14 +0000] "GET /api/v1/wishlist/wishlist HTTP/1.1" 200 223 "-" "Thunder Client (https://www.thunderclient.io)"

info: ::1 - - [07/Feb/2022:18:02:32 +0000] "OPTIONS /api/v1/book/book HTTP/1.1" 204 0 "http://localhost:3000/" "Mozilla/5.0 (Windows NT 10.0; Win64; x64) AppleWebKit/537.36 (KHTML, like Gecko) Chrome/97.0.4692.99 Safari/537.36"

info: ::1 - - [07/Feb/2022:18:02:32 +0000] "GET /api/v1/book/book HTTP/1.1" 304 - "http://localhost:3000/" "Mozilla/5.0 (Windows NT 10.0; Win64; x64) AppleWebKit/537.36 (KHTML, like Gecko) Chrome/97.0.4692.99 Safari/537.36"

info: ::1 - - [07/Feb/2022:18:02:39 +0000] "OPTIONS /api/v1/wishlist/wishlist HTTP/1.1" 204 0 "http://localhost:3000/" "Mozilla/5.0 (Windows NT 10.0; Win64; x64) AppleWebKit/537.36 (KHTML, like Gecko) Chrome/97.0.4692.99 Safari/537.36"

info: ::1 - - [07/Feb/2022:18:02:39 +0000] "GET /api/v1/wishlist/wishlist HTTP/1.1" 200 65 "http://localhost:3000/" "Mozilla/5.0 (Windows NT 10.0; Win64; x64) AppleWebKit/537.36 (KHTML, like Gecko) Chrome/97.0.4692.99 Safari/537.36"

info: ::1 - - [07/Feb/2022:18:03:23 +0000] "OPTIONS /api/v1/book/book HTTP/1.1" 204 0 "http://localhost:3000/" "Mozilla/5.0 (Windows NT 10.0; Win64; x64) AppleWebKit/537.36 (KHTML, like Gecko) Chrome/97.0.4692.99 Safari/537.36"

info: ::1 - - [07/Feb/2022:18:03:23 +0000] "GET /api/v1/book/book HTTP/1.1" 304 - "http://localhost:3000/" "Mozilla/5.0 (Windows NT 10.0; Win64; x64) AppleWebKit/537.36 (KHTML, like Gecko) Chrome/97.0.4692.99 Safari/537.36"

info: ::1 - - [07/Feb/2022:18:03:25 +0000] "OPTIONS /api/v1/wishlist/wishlist/6200f7e99fcbc61d6c4ef777 HTTP/1.1" 204 0 "http://localhost:3000/" "Mozilla/5.0 (Windows NT 10.0; Win64; x64) AppleWebKit/537.36 (KHTML, like Gecko) Chrome/97.0.4692.99 Safari/537.36"

info: ::1 - - [07/Feb/2022:18:03:26 +0000] "POST /api/v1/wishlist/wishlist/6200f7e99fcbc61d6c4ef777 HTTP/1.1" 201 230 "http://localhost:3000/" "Mozilla/5.0 (Windows NT 10.0; Win64; x64) AppleWebKit/537.36 (KHTML, like Gecko) Chrome/97.0.4692.99 Safari/537.36"

info: ::1 - - [07/Feb/2022:18:06:23 +0000] "OPTIONS /api/v1/book/book HTTP/1.1" 204 0 "http://localhost:3000/" "Mozilla/5.0 (Windows NT 10.0; Win64; x64) AppleWebKit/537.36 (KHTML, like Gecko) Chrome/97.0.4692.99 Safari/537.36"

info: ::1 - - [07/Feb/2022:18:06:23 +0000] "GET /api/v1/book/book HTTP/1.1" 304 - "http://localhost:3000/" "Mozilla/5.0 (Windows NT 10.0; Win64; x64) AppleWebKit/537.36 (KHTML, like Gecko) Chrome/97.0.4692.99 Safari/537.36"

info: ::1 - - [07/Feb/2022:18:06:50 +0000] "OPTIONS /api/v1/user/signin HTTP/1.1" 204 0 "http://localhost:3000/" "Mozilla/5.0 (Windows NT 10.0; Win64; x64) AppleWebKit/537.36 (KHTML, like Gecko) Chrome/97.0.4692.99 Safari/537.36"

info: ::1 - - [07/Feb/2022:18:06:50 +0000] "POST /api/v1/user/signin HTTP/1.1" 200 364 "http://localhost:3000/" "Mozilla/5.0 (Windows NT 10.0; Win64; x64) AppleWebKit/537.36 (KHTML, like Gecko) Chrome/97.0.4692.99 Safari/537.36"

info: ::1 - - [07/Feb/2022:18:07:00 +0000] "OPTIONS /api/v1/book/book HTTP/1.1" 204 0 "http://localhost:3000/" "Mozilla/5.0 (Windows NT 10.0; Win64; x64) AppleWebKit/537.36 (KHTML, like Gecko) Chrome/97.0.4692.99 Safari/537.36"

info: ::1 - - [07/Feb/2022:18:07:00 +0000] "GET /api/v1/book/book HTTP/1.1" 304 - "http://localhost:3000/" "Mozilla/5.0 (Windows NT 10.0; Win64; x64) AppleWebKit/537.36 (KHTML, like Gecko) Chrome/97.0.4692.99 Safari/537.36"

info: ::1 - - [07/Feb/2022:18:07:07 +0000] "OPTIONS /api/v1/wishlist/wishlist HTTP/1.1" 204 0 "http://localhost:3000/" "Mozilla/5.0 (Windows NT 10.0; Win64; x64) AppleWebKit/537.36 (KHTML, like Gecko) Chrome/97.0.4692.99 Safari/537.36"

info: ::1 - - [07/Feb/2022:18:07:07 +0000] "GET /api/v1/wishlist/wishlist HTTP/1.1" 200 223 "http://localhost:3000/" "Mozilla/5.0 (Windows NT 10.0; Win64; x64) AppleWebKit/537.36 (KHTML, like Gecko) Chrome/97.0.4692.99 Safari/537.36"

info: ::1 - - [07/Feb/2022:18:08:58 +0000] "OPTIONS /api/v1/book/book HTTP/1.1" 204 0 "http://localhost:3000/" "Mozilla/5.0 (Windows NT 10.0; Win64; x64) AppleWebKit/537.36 (KHTML, like Gecko) Chrome/97.0.4692.99 Safari/537.36"

info: ::1 - - [07/Feb/2022:18:08:58 +0000] "GET /api/v1/book/book HTTP/1.1" 304 - "http://localhost:3000/" "Mozilla/5.0 (Windows NT 10.0; Win64; x64) AppleWebKit/537.36 (KHTML, like Gecko) Chrome/97.0.4692.99 Safari/537.36"

info: ::1 - - [07/Feb/2022:18:09:02 +0000] "OPTIONS /api/v1/wishlist/wishlist HTTP/1.1" 204 0 "http://localhost:3000/" "Mozilla/5.0 (Windows NT 10.0; Win64; x64) AppleWebKit/537.36 (KHTML, like Gecko) Chrome/97.0.4692.99 Safari/537.36"

info: ::1 - - [07/Feb/2022:18:09:02 +0000] "GET /api/v1/wishlist/wishlist HTTP/1.1" 304 - "http://localhost:3000/" "Mozilla/5.0 (Windows NT 10.0; Win64; x64) AppleWebKit/537.36 (KHTML, like Gecko) Chrome/97.0.4692.99 Safari/537.36"

info: ::1 - - [07/Feb/2022:18:11:10 +0000] "OPTIONS /api/v1/book/book HTTP/1.1" 204 0 "http://localhost:3000/" "Mozilla/5.0 (Windows NT 10.0; Win64; x64) AppleWebKit/537.36 (KHTML, like Gecko) Chrome/97.0.4692.99 Safari/537.36"

info: ::1 - - [07/Feb/2022:18:11:10 +0000] "GET /api/v1/book/book HTTP/1.1" 304 - "http://localhost:3000/" "Mozilla/5.0 (Windows NT 10.0; Win64; x64) AppleWebKit/537.36 (KHTML, like Gecko) Chrome/97.0.4692.99 Safari/537.36"

info: ::1 - - [07/Feb/2022:18:11:11 +0000] "OPTIONS /api/v1/wishlist/wishlist HTTP/1.1" 204 0 "http://localhost:3000/" "Mozilla/5.0 (Windows NT 10.0; Win64; x64) AppleWebKit/537.36 (KHTML, like Gecko) Chrome/97.0.4692.99 Safari/537.36"

info: ::1 - - [07/Feb/2022:18:11:11 +0000] "GET /api/v1/wishlist/wishlist HTTP/1.1" 304 - "http://localhost:3000/" "Mozilla/5.0 (Windows NT 10.0; Win64; x64) AppleWebKit/537.36 (KHTML, like Gecko) Chrome/97.0.4692.99 Safari/537.36"

info: ::1 - - [07/Feb/2022:18:11:44 +0000] "OPTIONS /api/v1/wishlist/update/undefined HTTP/1.1" 204 0 "http://localhost:3000/" "Mozilla/5.0 (Windows NT 10.0; Win64; x64) AppleWebKit/537.36 (KHTML, like Gecko) Chrome/97.0.4692.99 Safari/537.36"

info: ::1 - - [07/Feb/2022:18:11:44 +0000] "PUT /api/v1/wishlist/update/undefined HTTP/1.1" 404 47 "http://localhost:3000/" "Mozilla/5.0 (Windows NT 10.0; Win64; x64) AppleWebKit/537.36 (KHTML, like Gecko) Chrome/97.0.4692.99 Safari/537.36"

info: ::1 - - [07/Feb/2022:18:13:36 +0000] "OPTIONS /api/v1/wishlist/update/undefined HTTP/1.1" 204 0 "http://localhost:3000/" "Mozilla/5.0 (Windows NT 10.0; Win64; x64) AppleWebKit/537.36 (KHTML, like Gecko) Chrome/97.0.4692.99 Safari/537.36"

info: ::1 - - [07/Feb/2022:18:13:36 +0000] "PUT /api/v1/wishlist/update/undefined HTTP/1.1" 404 47 "http://localhost:3000/" "Mozilla/5.0 (Windows NT 10.0; Win64; x64) AppleWebKit/537.36 (KHTML, like Gecko) Chrome/97.0.4692.99 Safari/537.36"

info: ::1 - - [07/Feb/2022:18:14:22 +0000] "OPTIONS /api/v1/wishlist/update/undefined HTTP/1.1" 204 0 "http://localhost:3000/" "Mozilla/5.0 (Windows NT 10.0; Win64; x64) AppleWebKit/537.36 (KHTML, like Gecko) Chrome/97.0.4692.99 Safari/537.36"

info: ::1 - - [07/Feb/2022:18:14:22 +0000] "PUT /api/v1/wishlist/update/undefined HTTP/1.1" 404 47 "http://localhost:3000/" "Mozilla/5.0 (Windows NT 10.0; Win64; x64) AppleWebKit/537.36 (KHTML, like Gecko) Chrome/97.0.4692.99 Safari/537.36"

info: ::1 - - [07/Feb/2022:18:14:26 +0000] "PUT /api/v1/wishlist/update/undefined HTTP/1.1" 404 47 "http://localhost:3000/" "Mozilla/5.0 (Windows NT 10.0; Win64; x64) AppleWebKit/537.36 (KHTML, like Gecko) Chrome/97.0.4692.99 Safari/537.36"

info: ::1 - - [07/Feb/2022:18:15:25 +0000] "OPTIONS /api/v1/wishlist/update/undefined HTTP/1.1" 204 0 "http://localhost:3000/" "Mozilla/5.0 (Windows NT 10.0; Win64; x64) AppleWebKit/537.36 (KHTML, like Gecko) Chrome/97.0.4692.99 Safari/537.36"

info: ::1 - - [07/Feb/2022:18:15:25 +0000] "PUT /api/v1/wishlist/update/undefined HTTP/1.1" 404 47 "http://localhost:3000/" "Mozilla/5.0 (Windows NT 10.0; Win64; x64) AppleWebKit/537.36 (KHTML, like Gecko) Chrome/97.0.4692.99 Safari/537.36"

info: ::1 - - [07/Feb/2022:18:15:30 +0000] "PUT /api/v1/wishlist/update/undefined HTTP/1.1" 404 47 "http://localhost:3000/" "Mozilla/5.0 (Windows NT 10.0; Win64; x64) AppleWebKit/537.36 (KHTML, like Gecko) Chrome/97.0.4692.99 Safari/537.36"

info: ::1 - - [07/Feb/2022:18:20:36 +0000] "OPTIONS /api/v1/wishlist/update/undefined HTTP/1.1" 204 0 "http://localhost:3000/" "Mozilla/5.0 (Windows NT 10.0; Win64; x64) AppleWebKit/537.36 (KHTML, like Gecko) Chrome/97.0.4692.99 Safari/537.36"

info: ::1 - - [07/Feb/2022:18:20:36 +0000] "PUT /api/v1/wishlist/update/undefined HTTP/1.1" 404 47 "http://localhost:3000/" "Mozilla/5.0 (Windows NT 10.0; Win64; x64) AppleWebKit/537.36 (KHTML, like Gecko) Chrome/97.0.4692.99 Safari/537.36"

info: ::1 - - [07/Feb/2022:18:22:08 +0000] "OPTIONS /api/v1/wishlist/update/undefined HTTP/1.1" 204 0 "http://localhost:3000/" "Mozilla/5.0 (Windows NT 10.0; Win64; x64) AppleWebKit/537.36 (KHTML, like Gecko) Chrome/97.0.4692.99 Safari/537.36"

info: ::1 - - [07/Feb/2022:18:22:08 +0000] "PUT /api/v1/wishlist/update/undefined HTTP/1.1" 404 47 "http://localhost:3000/" "Mozilla/5.0 (Windows NT 10.0; Win64; x64) AppleWebKit/537.36 (KHTML, like Gecko) Chrome/97.0.4692.99 Safari/537.36"

info: ::1 - - [07/Feb/2022:18:22:19 +0000] "OPTIONS /api/v1/book/book HTTP/1.1" 204 0 "http://localhost:3000/" "Mozilla/5.0 (Windows NT 10.0; Win64; x64) AppleWebKit/537.36 (KHTML, like Gecko) Chrome/97.0.4692.99 Safari/537.36"

info: ::1 - - [07/Feb/2022:18:22:19 +0000] "GET /api/v1/book/book HTTP/1.1" 304 - "http://localhost:3000/" "Mozilla/5.0 (Windows NT 10.0; Win64; x64) AppleWebKit/537.36 (KHTML, like Gecko) Chrome/97.0.4692.99 Safari/537.36"

info: ::1 - - [07/Feb/2022:18:22:22 +0000] "OPTIONS /api/v1/wishlist/wishlist HTTP/1.1" 204 0 "http://localhost:3000/" "Mozilla/5.0 (Windows NT 10.0; Win64; x64) AppleWebKit/537.36 (KHTML, like Gecko) Chrome/97.0.4692.99 Safari/537.36"

info: ::1 - - [07/Feb/2022:18:22:22 +0000] "GET /api/v1/wishlist/wishlist HTTP/1.1" 200 221 "http://localhost:3000/" "Mozilla/5.0 (Windows NT 10.0; Win64; x64) AppleWebKit/537.36 (KHTML, like Gecko) Chrome/97.0.4692.99 Safari/537.36"

info: ::1 - - [07/Feb/2022:18:23:28 +0000] "OPTIONS /api/v1/book/book HTTP/1.1" 204 0 "http://localhost:3000/" "Mozilla/5.0 (Windows NT 10.0; Win64; x64) AppleWebKit/537.36 (KHTML, like Gecko) Chrome/97.0.4692.99 Safari/537.36"

info: ::1 - - [07/Feb/2022:18:23:28 +0000] "GET /api/v1/book/book HTTP/1.1" 304 - "http://localhost:3000/" "Mozilla/5.0 (Windows NT 10.0; Win64; x64) AppleWebKit/537.36 (KHTML, like Gecko) Chrome/97.0.4692.99 Safari/537.36"

info: ::1 - - [07/Feb/2022:18:23:29 +0000] "OPTIONS /api/v1/wishlist/wishlist HTTP/1.1" 204 0 "http://localhost:3000/" "Mozilla/5.0 (Windows NT 10.0; Win64; x64) AppleWebKit/537.36 (KHTML, like Gecko) Chrome/97.0.4692.99 Safari/537.36"

info: ::1 - - [07/Feb/2022:18:23:29 +0000] "GET /api/v1/wishlist/wishlist HTTP/1.1" 304 - "http://localhost:3000/" "Mozilla/5.0 (Windows NT 10.0; Win64; x64) AppleWebKit/537.36 (KHTML, like Gecko) Chrome/97.0.4692.99 Safari/537.36"

info: ::1 - - [07/Feb/2022:18:24:23 +0000] "OPTIONS /api/v1/wishlist/update/6200f7e99fcbc61d6c4ef777 HTTP/1.1" 204 0 "http://localhost:3000/" "Mozilla/5.0 (Windows NT 10.0; Win64; x64) AppleWebKit/537.36 (KHTML, like Gecko) Chrome/97.0.4692.99 Safari/537.36"

info: ::1 - - [07/Feb/2022:18:24:23 +0000] "PUT /api/v1/wishlist/update/6200f7e99fcbc61d6c4ef777 HTTP/1.1" 404 47 "http://localhost:3000/" "Mozilla/5.0 (Windows NT 10.0; Win64; x64) AppleWebKit/537.36 (KHTML, like Gecko) Chrome/97.0.4692.99 Safari/537.36"

info: ::1 - - [07/Feb/2022:18:26:10 +0000] "OPTIONS /api/v1/wishlist/update/6200f7e99fcbc61d6c4ef777 HTTP/1.1" 204 0 "http://localhost:3000/" "Mozilla/5.0 (Windows NT 10.0; Win64; x64) AppleWebKit/537.36 (KHTML, like Gecko) Chrome/97.0.4692.99 Safari/537.36"

info: ::1 - - [07/Feb/2022:18:26:10 +0000] "PUT /api/v1/wishlist/update/6200f7e99fcbc61d6c4ef777 HTTP/1.1" 200 235 "http://localhost:3000/" "Mozilla/5.0 (Windows NT 10.0; Win64; x64) AppleWebKit/537.36 (KHTML, like Gecko) Chrome/97.0.4692.99 Safari/537.36"

info: ::1 - - [07/Feb/2022:18:26:55 +0000] "OPTIONS /api/v1/book/book HTTP/1.1" 204 0 "http://localhost:3000/" "Mozilla/5.0 (Windows NT 10.0; Win64; x64) AppleWebKit/537.36 (KHTML, like Gecko) Chrome/97.0.4692.99 Safari/537.36"

info: ::1 - - [07/Feb/2022:18:26:55 +0000] "GET /api/v1/book/book HTTP/1.1" 304 - "http://localhost:3000/" "Mozilla/5.0 (Windows NT 10.0; Win64; x64) AppleWebKit/537.36 (KHTML, like Gecko) Chrome/97.0.4692.99 Safari/537.36"

info: ::1 - - [07/Feb/2022:18:26:56 +0000] "OPTIONS /api/v1/wishlist/wishlist HTTP/1.1" 204 0 "http://localhost:3000/" "Mozilla/5.0 (Windows NT 10.0; Win64; x64) AppleWebKit/537.36 (KHTML, like Gecko) Chrome/97.0.4692.99 Safari/537.36"

info: ::1 - - [07/Feb/2022:18:26:56 +0000] "GET /api/v1/wishlist/wishlist HTTP/1.1" 200 151 "http://localhost:3000/" "Mozilla/5.0 (Windows NT 10.0; Win64; x64) AppleWebKit/537.36 (KHTML, like Gecko) Chrome/97.0.4692.99 Safari/537.36"

info: ::1 - - [07/Feb/2022:18:27:10 +0000] "OPTIONS /api/v1/book/book HTTP/1.1" 204 0 "http://localhost:3000/" "Mozilla/5.0 (Windows NT 10.0; Win64; x64) AppleWebKit/537.36 (KHTML, like Gecko) Chrome/97.0.4692.99 Safari/537.36"

info: ::1 - - [07/Feb/2022:18:27:10 +0000] "GET /api/v1/book/book HTTP/1.1" 304 - "http://localhost:3000/" "Mozilla/5.0 (Windows NT 10.0; Win64; x64) AppleWebKit/537.36 (KHTML, like Gecko) Chrome/97.0.4692.99 Safari/537.36"

info: ::1 - - [07/Feb/2022:18:27:12 +0000] "OPTIONS /api/v1/wishlist/wishlist/6200f7f29fcbc61d6c4ef77a HTTP/1.1" 204 0 "http://localhost:3000/" "Mozilla/5.0 (Windows NT 10.0; Win64; x64) AppleWebKit/537.36 (KHTML, like Gecko) Chrome/97.0.4692.99 Safari/537.36"

info: ::1 - - [07/Feb/2022:18:27:12 +0000] "POST /api/v1/wishlist/wishlist/6200f7f29fcbc61d6c4ef77a HTTP/1.1" 200 225 "http://localhost:3000/" "Mozilla/5.0 (Windows NT 10.0; Win64; x64) AppleWebKit/537.36 (KHTML, like Gecko) Chrome/97.0.4692.99 Safari/537.36"

info: ::1 - - [07/Feb/2022:18:27:15 +0000] "OPTIONS /api/v1/wishlist/wishlist HTTP/1.1" 204 0 "http://localhost:3000/" "Mozilla/5.0 (Windows NT 10.0; Win64; x64) AppleWebKit/537.36 (KHTML, like Gecko) Chrome/97.0.4692.99 Safari/537.36"

info: ::1 - - [07/Feb/2022:18:27:15 +0000] "GET /api/v1/wishlist/wishlist HTTP/1.1" 200 221 "http://localhost:3000/" "Mozilla/5.0 (Windows NT 10.0; Win64; x64) AppleWebKit/537.36 (KHTML, like Gecko) Chrome/97.0.4692.99 Safari/537.36"

info: ::1 - - [07/Feb/2022:18:27:17 +0000] "OPTIONS /api/v1/wishlist/update/6200f7f29fcbc61d6c4ef77a HTTP/1.1" 204 0 "http://localhost:3000/" "Mozilla/5.0 (Windows NT 10.0; Win64; x64) AppleWebKit/537.36 (KHTML, like Gecko) Chrome/97.0.4692.99 Safari/537.36"

info: ::1 - - [07/Feb/2022:18:27:17 +0000] "PUT /api/v1/wishlist/update/6200f7f29fcbc61d6c4ef77a HTTP/1.1" 200 235 "http://localhost:3000/" "Mozilla/5.0 (Windows NT 10.0; Win64; x64) AppleWebKit/537.36 (KHTML, like Gecko) Chrome/97.0.4692.99 Safari/537.36"

info: ::1 - - [07/Feb/2022:18:27:28 +0000] "OPTIONS /api/v1/book/book HTTP/1.1" 204 0 "http://localhost:3000/" "Mozilla/5.0 (Windows NT 10.0; Win64; x64) AppleWebKit/537.36 (KHTML, like Gecko) Chrome/97.0.4692.99 Safari/537.36"

info: ::1 - - [07/Feb/2022:18:27:28 +0000] "GET /api/v1/book/book HTTP/1.1" 304 - "http://localhost:3000/" "Mozilla/5.0 (Windows NT 10.0; Win64; x64) AppleWebKit/537.36 (KHTML, like Gecko) Chrome/97.0.4692.99 Safari/537.36"

info: ::1 - - [07/Feb/2022:18:27:29 +0000] "OPTIONS /api/v1/wishlist/wishlist HTTP/1.1" 204 0 "http://localhost:3000/" "Mozilla/5.0 (Windows NT 10.0; Win64; x64) AppleWebKit/537.36 (KHTML, like Gecko) Chrome/97.0.4692.99 Safari/537.36"

info: ::1 - - [07/Feb/2022:18:27:29 +0000] "GET /api/v1/wishlist/wishlist HTTP/1.1" 200 151 "http://localhost:3000/" "Mozilla/5.0 (Windows NT 10.0; Win64; x64) AppleWebKit/537.36 (KHTML, like Gecko) Chrome/97.0.4692.99 Safari/537.36"

info: ::1 - - [07/Feb/2022:18:27:35 +0000] "OPTIONS /api/v1/book/book HTTP/1.1" 204 0 "http://localhost:3000/" "Mozilla/5.0 (Windows NT 10.0; Win64; x64) AppleWebKit/537.36 (KHTML, like Gecko) Chrome/97.0.4692.99 Safari/537.36"

info: ::1 - - [07/Feb/2022:18:27:35 +0000] "GET /api/v1/book/book HTTP/1.1" 304 - "http://localhost:3000/" "Mozilla/5.0 (Windows NT 10.0; Win64; x64) AppleWebKit/537.36 (KHTML, like Gecko) Chrome/97.0.4692.99 Safari/537.36"

