info: Server started at http://localhost:6000/api/v1/ {"timestamp":"2022-02-03T13:51:02.021Z"}
info: Connected to the database. {"timestamp":"2022-02-03T13:51:02.080Z"}
info: Server started at http://localhost:6000/api/v1/ {"timestamp":"2022-02-03T13:51:16.185Z"}
info: Connected to the database. {"timestamp":"2022-02-03T13:51:16.223Z"}
info: Server started at http://localhost:6000/api/v1/ {"timestamp":"2022-02-03T13:52:06.658Z"}
info: Connected to the database. {"timestamp":"2022-02-03T13:52:06.690Z"}
info: Server started at http://localhost:6000/api/v1/ {"timestamp":"2022-02-03T14:11:10.366Z"}
info: Connected to the database. {"timestamp":"2022-02-03T14:11:10.395Z"}
info: Server started at http://localhost:6000/api/v1/ {"timestamp":"2022-02-03T14:12:18.299Z"}
info: Connected to the database. {"timestamp":"2022-02-03T14:12:18.331Z"}
info: Server started at http://localhost:6000/api/v1/ {"timestamp":"2022-02-03T14:13:22.641Z"}
info: Connected to the database. {"timestamp":"2022-02-03T14:13:22.675Z"}
error: 
    status - 500 
    message - TypeError: Converting circular structure to JSON
    --> starting at object with constructor 'NativeTopology'
    |     property 's' -> object with constructor 'Object'
    |     property 'sessionPool' -> object with constructor 'ServerSessionPool'
    --- property 'topology' closes the circle
    at JSON.stringify (<anonymous>)
    at _callee$ (C:\Users\HP\Desktop\Project\Bookstore\Backend\src\services\/cart.service.js:27:20)
    at tryCatch (C:\Users\HP\Desktop\Project\Bookstore\Backend\node_modules\regenerator-runtime\runtime.js:63:40)
    at Generator.invoke [as _invoke] (C:\Users\HP\Desktop\Project\Bookstore\Backend\node_modules\regenerator-runtime\runtime.js:294:22)
    at Generator.next (C:\Users\HP\Desktop\Project\Bookstore\Backend\node_modules\regenerator-runtime\runtime.js:119:21)
    at asyncGeneratorStep (C:\Users\HP\Desktop\Project\Bookstore\Backend\node_modules\@babel\runtime\helpers\asyncToGenerator.js:3:24)
    at _next (C:\Users\HP\Desktop\Project\Bookstore\Backend\node_modules\@babel\runtime\helpers\asyncToGenerator.js:25:9)
    at C:\Users\HP\Desktop\Project\Bookstore\Backend\node_modules\@babel\runtime\helpers\asyncToGenerator.js:32:7
    at new Promise (<anonymous>)
    at Object.<anonymous> (C:\Users\HP\Desktop\Project\Bookstore\Backend\node_modules\@babel\runtime\helpers\asyncToGenerator.js:21:12)
    at Object.addCart (C:\Users\HP\Desktop\Project\Bookstore\Backend\src\services\/cart.service.js:15:21)
    at _callee$ (C:\Users\HP\Desktop\Project\Bookstore\Backend\src\controllers\/cart.controller.js:18:36)
    at tryCatch (C:\Users\HP\Desktop\Project\Bookstore\Backend\node_modules\regenerator-runtime\runtime.js:63:40)
    at Generator.invoke [as _invoke] (C:\Users\HP\Desktop\Project\Bookstore\Backend\node_modules\regenerator-runtime\runtime.js:294:22)
    at Generator.next (C:\Users\HP\Desktop\Project\Bookstore\Backend\node_modules\regenerator-runtime\runtime.js:119:21)
    at asyncGeneratorStep (C:\Users\HP\Desktop\Project\Bookstore\Backend\node_modules\@babel\runtime\helpers\asyncToGenerator.js:3:24) 
    url - /api/v1/cart/cart 
    method - POST 
    IP - ::ffff:127.0.0.1
   {"timestamp":"2022-02-03T14:13:24.726Z"}
info: Server started at http://localhost:6000/api/v1/ {"timestamp":"2022-02-03T14:14:01.922Z"}
info: Connected to the database. {"timestamp":"2022-02-03T14:14:01.960Z"}
info: Server started at http://localhost:6000/api/v1/ {"timestamp":"2022-02-03T14:16:22.806Z"}
info: Connected to the database. {"timestamp":"2022-02-03T14:16:22.840Z"}
info: Server started at http://localhost:6000/api/v1/ {"timestamp":"2022-02-03T14:18:38.166Z"}
info: Connected to the database. {"timestamp":"2022-02-03T14:18:38.201Z"}
info: Server started at http://localhost:6000/api/v1/ {"timestamp":"2022-02-03T14:19:35.218Z"}
info: Connected to the database. {"timestamp":"2022-02-03T14:19:35.257Z"}
info: Server started at http://localhost:6000/api/v1/ {"timestamp":"2022-02-03T14:19:46.555Z"}
info: Connected to the database. {"timestamp":"2022-02-03T14:19:46.584Z"}
info: Server started at http://localhost:6000/api/v1/ {"timestamp":"2022-02-03T14:19:57.428Z"}
info: Connected to the database. {"timestamp":"2022-02-03T14:19:57.461Z"}
info: Server started at http://localhost:6000/api/v1/ {"timestamp":"2022-02-03T14:20:36.102Z"}
info: Connected to the database. {"timestamp":"2022-02-03T14:20:36.135Z"}
info: Server started at http://localhost:6000/api/v1/ {"timestamp":"2022-02-03T14:32:03.240Z"}
info: Connected to the database. {"timestamp":"2022-02-03T14:32:03.276Z"}
info: Server started at http://localhost:6000/api/v1/ {"timestamp":"2022-02-03T14:48:10.809Z"}
info: Connected to the database. {"timestamp":"2022-02-03T14:48:10.847Z"}
info: Server started at http://localhost:6000/api/v1/ {"timestamp":"2022-02-03T15:01:52.133Z"}
info: Connected to the database. {"timestamp":"2022-02-03T15:01:52.178Z"}
error: 
    status - 500 
    message - ReferenceError: checkCart is not defined
    at _callee$ (C:\Users\HP\Desktop\Project\Bookstore\Backend\src\services\/cart.service.js:15:24)
    at tryCatch (C:\Users\HP\Desktop\Project\Bookstore\Backend\node_modules\regenerator-runtime\runtime.js:63:40)
    at Generator.invoke [as _invoke] (C:\Users\HP\Desktop\Project\Bookstore\Backend\node_modules\regenerator-runtime\runtime.js:294:22)
    at Generator.next (C:\Users\HP\Desktop\Project\Bookstore\Backend\node_modules\regenerator-runtime\runtime.js:119:21)
    at asyncGeneratorStep (C:\Users\HP\Desktop\Project\Bookstore\Backend\node_modules\@babel\runtime\helpers\asyncToGenerator.js:3:24)
    at _next (C:\Users\HP\Desktop\Project\Bookstore\Backend\node_modules\@babel\runtime\helpers\asyncToGenerator.js:25:9)
    at processTicksAndRejections (node:internal/process/task_queues:96:5) 
    url - /api/v1/cart/cart 
    method - POST 
    IP - ::ffff:127.0.0.1
   {"timestamp":"2022-02-03T15:02:00.823Z"}
info: Server started at http://localhost:6000/api/v1/ {"timestamp":"2022-02-03T15:02:20.713Z"}
info: Connected to the database. {"timestamp":"2022-02-03T15:02:20.760Z"}
info: Server started at http://localhost:6000/api/v1/ {"timestamp":"2022-02-03T15:06:04.751Z"}
info: Connected to the database. {"timestamp":"2022-02-03T15:06:04.794Z"}
error: 
    status - 500 
    message - ReferenceError: checkcart is not defined
    at _callee$ (C:\Users\HP\Desktop\Project\Bookstore\Backend\src\services\/cart.service.js:31:27)
    at tryCatch (C:\Users\HP\Desktop\Project\Bookstore\Backend\node_modules\regenerator-runtime\runtime.js:63:40)
    at Generator.invoke [as _invoke] (C:\Users\HP\Desktop\Project\Bookstore\Backend\node_modules\regenerator-runtime\runtime.js:294:22)
    at Generator.next (C:\Users\HP\Desktop\Project\Bookstore\Backend\node_modules\regenerator-runtime\runtime.js:119:21)
    at asyncGeneratorStep (C:\Users\HP\Desktop\Project\Bookstore\Backend\node_modules\@babel\runtime\helpers\asyncToGenerator.js:3:24)
    at _next (C:\Users\HP\Desktop\Project\Bookstore\Backend\node_modules\@babel\runtime\helpers\asyncToGenerator.js:25:9)
    at processTicksAndRejections (node:internal/process/task_queues:96:5) 
    url - /api/v1/cart/cart 
    method - POST 
    IP - ::ffff:127.0.0.1
   {"timestamp":"2022-02-03T15:06:08.112Z"}
info: Server started at http://localhost:6000/api/v1/ {"timestamp":"2022-02-03T15:06:35.265Z"}
info: Connected to the database. {"timestamp":"2022-02-03T15:06:35.304Z"}
info: Server started at http://localhost:6000/api/v1/ {"timestamp":"2022-02-03T15:15:25.535Z"}
info: Connected to the database. {"timestamp":"2022-02-03T15:15:25.574Z"}
error: 
    status - 500 
    message - TypeError: Cannot read properties of null (reading 'quantity')
    at _callee$ (C:\Users\HP\Desktop\Project\Bookstore\Backend\src\services\/cart.service.js:63:29)
    at tryCatch (C:\Users\HP\Desktop\Project\Bookstore\Backend\node_modules\regenerator-runtime\runtime.js:63:40)
    at Generator.invoke [as _invoke] (C:\Users\HP\Desktop\Project\Bookstore\Backend\node_modules\regenerator-runtime\runtime.js:294:22)
    at Generator.next (C:\Users\HP\Desktop\Project\Bookstore\Backend\node_modules\regenerator-runtime\runtime.js:119:21)
    at asyncGeneratorStep (C:\Users\HP\Desktop\Project\Bookstore\Backend\node_modules\@babel\runtime\helpers\asyncToGenerator.js:3:24)
    at _next (C:\Users\HP\Desktop\Project\Bookstore\Backend\node_modules\@babel\runtime\helpers\asyncToGenerator.js:25:9)
    at processTicksAndRejections (node:internal/process/task_queues:96:5) 
    url - /api/v1/cart/cart 
    method - POST 
    IP - ::ffff:127.0.0.1
   {"timestamp":"2022-02-03T15:17:15.387Z"}
info: Server started at http://localhost:6000/api/v1/ {"timestamp":"2022-02-03T15:21:15.424Z"}
info: Connected to the database. {"timestamp":"2022-02-03T15:21:15.465Z"}
error: 
    status - 500 
    message - TypeError: Cannot read properties of undefined (reading 'push')
    at _callee$ (C:\Users\HP\Desktop\Project\Bookstore\Backend\src\services\/cart.service.js:92:24)
    at tryCatch (C:\Users\HP\Desktop\Project\Bookstore\Backend\node_modules\regenerator-runtime\runtime.js:63:40)
    at Generator.invoke [as _invoke] (C:\Users\HP\Desktop\Project\Bookstore\Backend\node_modules\regenerator-runtime\runtime.js:294:22)
    at Generator.next (C:\Users\HP\Desktop\Project\Bookstore\Backend\node_modules\regenerator-runtime\runtime.js:119:21)
    at asyncGeneratorStep (C:\Users\HP\Desktop\Project\Bookstore\Backend\node_modules\@babel\runtime\helpers\asyncToGenerator.js:3:24)
    at _next (C:\Users\HP\Desktop\Project\Bookstore\Backend\node_modules\@babel\runtime\helpers\asyncToGenerator.js:25:9)
    at processTicksAndRejections (node:internal/process/task_queues:96:5) 
    url - /api/v1/cart/cart 
    method - POST 
    IP - ::ffff:127.0.0.1
   {"timestamp":"2022-02-03T15:21:18.176Z"}
info: Server started at http://localhost:6000/api/v1/ {"timestamp":"2022-02-03T15:25:29.616Z"}
info: Connected to the database. {"timestamp":"2022-02-03T15:25:29.655Z"}
info: Server started at http://localhost:6000/api/v1/ {"timestamp":"2022-02-03T15:42:40.056Z"}
info: Connected to the database. {"timestamp":"2022-02-03T15:42:40.098Z"}
info: Server started at http://localhost:6000/api/v1/ {"timestamp":"2022-02-03T15:42:51.720Z"}
info: Connected to the database. {"timestamp":"2022-02-03T15:42:51.758Z"}
info: Server started at http://localhost:6000/api/v1/ {"timestamp":"2022-02-03T15:48:25.442Z"}
info: Connected to the database. {"timestamp":"2022-02-03T15:48:25.482Z"}
error: 
    status - 500 
    message - ReferenceError: data is not defined
    at _callee$ (C:\Users\HP\Desktop\Project\Bookstore\Backend\src\services\/cart.service.js:108:21)
    at tryCatch (C:\Users\HP\Desktop\Project\Bookstore\Backend\node_modules\regenerator-runtime\runtime.js:63:40)
    at Generator.invoke [as _invoke] (C:\Users\HP\Desktop\Project\Bookstore\Backend\node_modules\regenerator-runtime\runtime.js:294:22)
    at Generator.next (C:\Users\HP\Desktop\Project\Bookstore\Backend\node_modules\regenerator-runtime\runtime.js:119:21)
    at asyncGeneratorStep (C:\Users\HP\Desktop\Project\Bookstore\Backend\node_modules\@babel\runtime\helpers\asyncToGenerator.js:3:24)
    at _next (C:\Users\HP\Desktop\Project\Bookstore\Backend\node_modules\@babel\runtime\helpers\asyncToGenerator.js:25:9)
    at processTicksAndRejections (node:internal/process/task_queues:96:5) 
    url - /api/v1/cart/cart 
    method - POST 
    IP - ::ffff:127.0.0.1
   {"timestamp":"2022-02-03T15:48:52.533Z"}
info: Server started at http://localhost:6000/api/v1/ {"timestamp":"2022-02-03T15:49:23.008Z"}
info: Connected to the database. {"timestamp":"2022-02-03T15:49:23.056Z"}
info: Server started at http://localhost:6000/api/v1/ {"timestamp":"2022-02-03T15:50:09.319Z"}
info: Connected to the database. {"timestamp":"2022-02-03T15:50:09.359Z"}
info: Server started at http://localhost:6000/api/v1/ {"timestamp":"2022-02-03T15:51:28.867Z"}
info: Connected to the database. {"timestamp":"2022-02-03T15:51:28.916Z"}
info: Server started at http://localhost:6000/api/v1/ {"timestamp":"2022-02-03T15:51:45.068Z"}
info: Connected to the database. {"timestamp":"2022-02-03T15:51:45.108Z"}
error: 
    status - 500 
    message - TypeError: Cannot read properties of undefined (reading 'book')
    at _callee$ (C:\Users\HP\Desktop\Project\Bookstore\Backend\src\services\/cart.service.js:23:23)
    at tryCatch (C:\Users\HP\Desktop\Project\Bookstore\Backend\node_modules\regenerator-runtime\runtime.js:63:40)
    at Generator.invoke [as _invoke] (C:\Users\HP\Desktop\Project\Bookstore\Backend\node_modules\regenerator-runtime\runtime.js:294:22)
    at Generator.next (C:\Users\HP\Desktop\Project\Bookstore\Backend\node_modules\regenerator-runtime\runtime.js:119:21)
    at asyncGeneratorStep (C:\Users\HP\Desktop\Project\Bookstore\Backend\node_modules\@babel\runtime\helpers\asyncToGenerator.js:3:24)
    at _next (C:\Users\HP\Desktop\Project\Bookstore\Backend\node_modules\@babel\runtime\helpers\asyncToGenerator.js:25:9)
    at C:\Users\HP\Desktop\Project\Bookstore\Backend\node_modules\@babel\runtime\helpers\asyncToGenerator.js:32:7
    at new Promise (<anonymous>)
    at Object.<anonymous> (C:\Users\HP\Desktop\Project\Bookstore\Backend\node_modules\@babel\runtime\helpers\asyncToGenerator.js:21:12)
    at Object.addCart (C:\Users\HP\Desktop\Project\Bookstore\Backend\src\services\/cart.service.js:15:21)
    at _callee$ (C:\Users\HP\Desktop\Project\Bookstore\Backend\src\controllers\/cart.controller.js:18:36)
    at tryCatch (C:\Users\HP\Desktop\Project\Bookstore\Backend\node_modules\regenerator-runtime\runtime.js:63:40)
    at Generator.invoke [as _invoke] (C:\Users\HP\Desktop\Project\Bookstore\Backend\node_modules\regenerator-runtime\runtime.js:294:22)
    at Generator.next (C:\Users\HP\Desktop\Project\Bookstore\Backend\node_modules\regenerator-runtime\runtime.js:119:21)
    at asyncGeneratorStep (C:\Users\HP\Desktop\Project\Bookstore\Backend\node_modules\@babel\runtime\helpers\asyncToGenerator.js:3:24)
    at _next (C:\Users\HP\Desktop\Project\Bookstore\Backend\node_modules\@babel\runtime\helpers\asyncToGenerator.js:25:9) 
    url - /api/v1/cart/cart 
    method - POST 
    IP - ::ffff:127.0.0.1
   {"timestamp":"2022-02-03T15:51:46.065Z"}
info: Server started at http://localhost:6000/api/v1/ {"timestamp":"2022-02-03T15:52:30.305Z"}
info: Connected to the database. {"timestamp":"2022-02-03T15:52:30.349Z"}
info: Server started at http://localhost:6000/api/v1/ {"timestamp":"2022-02-03T15:53:26.926Z"}
info: Connected to the database. {"timestamp":"2022-02-03T15:53:26.966Z"}
error: 
    status - 500 
    message - TypeError: Cannot read properties of undefined (reading 'book')
    at _callee$ (C:\Users\HP\Desktop\Project\Bookstore\Backend\src\services\/cart.service.js:23:31)
    at tryCatch (C:\Users\HP\Desktop\Project\Bookstore\Backend\node_modules\regenerator-runtime\runtime.js:63:40)
    at Generator.invoke [as _invoke] (C:\Users\HP\Desktop\Project\Bookstore\Backend\node_modules\regenerator-runtime\runtime.js:294:22)
    at Generator.next (C:\Users\HP\Desktop\Project\Bookstore\Backend\node_modules\regenerator-runtime\runtime.js:119:21)
    at asyncGeneratorStep (C:\Users\HP\Desktop\Project\Bookstore\Backend\node_modules\@babel\runtime\helpers\asyncToGenerator.js:3:24)
    at _next (C:\Users\HP\Desktop\Project\Bookstore\Backend\node_modules\@babel\runtime\helpers\asyncToGenerator.js:25:9)
    at C:\Users\HP\Desktop\Project\Bookstore\Backend\node_modules\@babel\runtime\helpers\asyncToGenerator.js:32:7
    at new Promise (<anonymous>)
    at Object.<anonymous> (C:\Users\HP\Desktop\Project\Bookstore\Backend\node_modules\@babel\runtime\helpers\asyncToGenerator.js:21:12)
    at Object.addCart (C:\Users\HP\Desktop\Project\Bookstore\Backend\src\services\/cart.service.js:15:21)
    at _callee$ (C:\Users\HP\Desktop\Project\Bookstore\Backend\src\controllers\/cart.controller.js:18:36)
    at tryCatch (C:\Users\HP\Desktop\Project\Bookstore\Backend\node_modules\regenerator-runtime\runtime.js:63:40)
    at Generator.invoke [as _invoke] (C:\Users\HP\Desktop\Project\Bookstore\Backend\node_modules\regenerator-runtime\runtime.js:294:22)
    at Generator.next (C:\Users\HP\Desktop\Project\Bookstore\Backend\node_modules\regenerator-runtime\runtime.js:119:21)
    at asyncGeneratorStep (C:\Users\HP\Desktop\Project\Bookstore\Backend\node_modules\@babel\runtime\helpers\asyncToGenerator.js:3:24)
    at _next (C:\Users\HP\Desktop\Project\Bookstore\Backend\node_modules\@babel\runtime\helpers\asyncToGenerator.js:25:9) 
    url - /api/v1/cart/cart 
    method - POST 
    IP - ::ffff:127.0.0.1
   {"timestamp":"2022-02-03T15:53:28.089Z"}
info: Server started at http://localhost:6000/api/v1/ {"timestamp":"2022-02-03T15:53:58.904Z"}
info: Connected to the database. {"timestamp":"2022-02-03T15:53:58.943Z"}
info: Server started at http://localhost:6000/api/v1/ {"timestamp":"2022-02-03T15:55:07.234Z"}
info: Connected to the database. {"timestamp":"2022-02-03T15:55:07.273Z"}
info: Server started at http://localhost:6000/api/v1/ {"timestamp":"2022-02-03T15:55:47.851Z"}
info: Connected to the database. {"timestamp":"2022-02-03T15:55:47.892Z"}
info: Server started at http://localhost:6000/api/v1/ {"timestamp":"2022-02-03T15:55:59.250Z"}
info: Connected to the database. {"timestamp":"2022-02-03T15:55:59.290Z"}
info: Server started at http://localhost:6000/api/v1/ {"timestamp":"2022-02-03T15:57:50.109Z"}
info: Connected to the database. {"timestamp":"2022-02-03T15:57:50.147Z"}
info: Server started at http://localhost:6000/api/v1/ {"timestamp":"2022-02-03T15:59:26.958Z"}
info: Connected to the database. {"timestamp":"2022-02-03T15:59:26.990Z"}
info: Server started at http://localhost:6000/api/v1/ {"timestamp":"2022-02-03T16:37:55.907Z"}
info: Connected to the database. {"timestamp":"2022-02-03T16:37:55.947Z"}
info: Server started at http://localhost:6000/api/v1/ {"timestamp":"2022-02-03T16:44:57.544Z"}
info: Connected to the database. {"timestamp":"2022-02-03T16:44:57.592Z"}
error: 
    status - 500 
    message - TypeError: Cannot read properties of undefined (reading 'quantity')
    at _callee$ (C:\Users\HP\Desktop\Project\Bookstore\Backend\src\services\/cart.service.js:69:56)
    at tryCatch (C:\Users\HP\Desktop\Project\Bookstore\Backend\node_modules\regenerator-runtime\runtime.js:63:40)
    at Generator.invoke [as _invoke] (C:\Users\HP\Desktop\Project\Bookstore\Backend\node_modules\regenerator-runtime\runtime.js:294:22)
    at Generator.next (C:\Users\HP\Desktop\Project\Bookstore\Backend\node_modules\regenerator-runtime\runtime.js:119:21)
    at asyncGeneratorStep (C:\Users\HP\Desktop\Project\Bookstore\Backend\node_modules\@babel\runtime\helpers\asyncToGenerator.js:3:24)
    at _next (C:\Users\HP\Desktop\Project\Bookstore\Backend\node_modules\@babel\runtime\helpers\asyncToGenerator.js:25:9)
    at processTicksAndRejections (node:internal/process/task_queues:96:5) 
    url - /api/v1/cart/cart 
    method - POST 
    IP - ::ffff:127.0.0.1
   {"timestamp":"2022-02-03T16:45:25.827Z"}
info: Server started at http://localhost:6000/api/v1/ {"timestamp":"2022-02-03T16:48:49.344Z"}
info: Connected to the database. {"timestamp":"2022-02-03T16:48:49.384Z"}
error: 
    status - 500 
    message - TypeError: Cannot read properties of undefined (reading 'quantity')
    at _callee$ (C:\Users\HP\Desktop\Project\Bookstore\Backend\src\services\/cart.service.js:66:39)
    at tryCatch (C:\Users\HP\Desktop\Project\Bookstore\Backend\node_modules\regenerator-runtime\runtime.js:63:40)
    at Generator.invoke [as _invoke] (C:\Users\HP\Desktop\Project\Bookstore\Backend\node_modules\regenerator-runtime\runtime.js:294:22)
    at Generator.next (C:\Users\HP\Desktop\Project\Bookstore\Backend\node_modules\regenerator-runtime\runtime.js:119:21)
    at asyncGeneratorStep (C:\Users\HP\Desktop\Project\Bookstore\Backend\node_modules\@babel\runtime\helpers\asyncToGenerator.js:3:24)
    at _next (C:\Users\HP\Desktop\Project\Bookstore\Backend\node_modules\@babel\runtime\helpers\asyncToGenerator.js:25:9)
    at processTicksAndRejections (node:internal/process/task_queues:96:5) 
    url - /api/v1/cart/cart 
    method - POST 
    IP - ::ffff:127.0.0.1
   {"timestamp":"2022-02-03T16:48:57.208Z"}
info: Server started at http://localhost:6000/api/v1/ {"timestamp":"2022-02-03T16:49:19.075Z"}
info: Connected to the database. {"timestamp":"2022-02-03T16:49:19.114Z"}
error: 
    status - 500 
    message - TypeError: Cannot read properties of undefined (reading 'quantity')
    at _callee$ (C:\Users\HP\Desktop\Project\Bookstore\Backend\src\services\/cart.service.js:66:39)
    at tryCatch (C:\Users\HP\Desktop\Project\Bookstore\Backend\node_modules\regenerator-runtime\runtime.js:63:40)
    at Generator.invoke [as _invoke] (C:\Users\HP\Desktop\Project\Bookstore\Backend\node_modules\regenerator-runtime\runtime.js:294:22)
    at Generator.next (C:\Users\HP\Desktop\Project\Bookstore\Backend\node_modules\regenerator-runtime\runtime.js:119:21)
    at asyncGeneratorStep (C:\Users\HP\Desktop\Project\Bookstore\Backend\node_modules\@babel\runtime\helpers\asyncToGenerator.js:3:24)
    at _next (C:\Users\HP\Desktop\Project\Bookstore\Backend\node_modules\@babel\runtime\helpers\asyncToGenerator.js:25:9)
    at processTicksAndRejections (node:internal/process/task_queues:96:5) 
    url - /api/v1/cart/cart 
    method - POST 
    IP - ::ffff:127.0.0.1
   {"timestamp":"2022-02-03T16:49:41.139Z"}
info: Server started at http://localhost:6000/api/v1/ {"timestamp":"2022-02-03T16:50:16.325Z"}
info: Connected to the database. {"timestamp":"2022-02-03T16:50:16.375Z"}
error: 
    status - 500 
    message - TypeError: Cannot read properties of undefined (reading 'quantity')
    at _callee$ (C:\Users\HP\Desktop\Project\Bookstore\Backend\src\services\/cart.service.js:66:39)
    at tryCatch (C:\Users\HP\Desktop\Project\Bookstore\Backend\node_modules\regenerator-runtime\runtime.js:63:40)
    at Generator.invoke [as _invoke] (C:\Users\HP\Desktop\Project\Bookstore\Backend\node_modules\regenerator-runtime\runtime.js:294:22)
    at Generator.next (C:\Users\HP\Desktop\Project\Bookstore\Backend\node_modules\regenerator-runtime\runtime.js:119:21)
    at asyncGeneratorStep (C:\Users\HP\Desktop\Project\Bookstore\Backend\node_modules\@babel\runtime\helpers\asyncToGenerator.js:3:24)
    at _next (C:\Users\HP\Desktop\Project\Bookstore\Backend\node_modules\@babel\runtime\helpers\asyncToGenerator.js:25:9)
    at processTicksAndRejections (node:internal/process/task_queues:96:5) 
    url - /api/v1/cart/cart 
    method - POST 
    IP - ::ffff:127.0.0.1
   {"timestamp":"2022-02-03T16:50:19.335Z"}
info: Server started at http://localhost:6000/api/v1/ {"timestamp":"2022-02-03T16:51:59.289Z"}
info: Connected to the database. {"timestamp":"2022-02-03T16:51:59.329Z"}
error: 
    status - 500 
    message - TypeError: Cannot read properties of undefined (reading 'quantity')
    at _callee$ (C:\Users\HP\Desktop\Project\Bookstore\Backend\src\services\/cart.service.js:70:56)
    at tryCatch (C:\Users\HP\Desktop\Project\Bookstore\Backend\node_modules\regenerator-runtime\runtime.js:63:40)
    at Generator.invoke [as _invoke] (C:\Users\HP\Desktop\Project\Bookstore\Backend\node_modules\regenerator-runtime\runtime.js:294:22)
    at Generator.next (C:\Users\HP\Desktop\Project\Bookstore\Backend\node_modules\regenerator-runtime\runtime.js:119:21)
    at asyncGeneratorStep (C:\Users\HP\Desktop\Project\Bookstore\Backend\node_modules\@babel\runtime\helpers\asyncToGenerator.js:3:24)
    at _next (C:\Users\HP\Desktop\Project\Bookstore\Backend\node_modules\@babel\runtime\helpers\asyncToGenerator.js:25:9)
    at processTicksAndRejections (node:internal/process/task_queues:96:5) 
    url - /api/v1/cart/cart 
    method - POST 
    IP - ::ffff:127.0.0.1
   {"timestamp":"2022-02-03T16:52:25.171Z"}
info: Server started at http://localhost:6000/api/v1/ {"timestamp":"2022-02-03T16:52:53.396Z"}
info: Connected to the database. {"timestamp":"2022-02-03T16:52:53.440Z"}
error: 
    status - 500 
    message - TypeError: Cannot read properties of undefined (reading 'quantity')
    at _callee$ (C:\Users\HP\Desktop\Project\Bookstore\Backend\src\services\/cart.service.js:70:56)
    at tryCatch (C:\Users\HP\Desktop\Project\Bookstore\Backend\node_modules\regenerator-runtime\runtime.js:63:40)
    at Generator.invoke [as _invoke] (C:\Users\HP\Desktop\Project\Bookstore\Backend\node_modules\regenerator-runtime\runtime.js:294:22)
    at Generator.next (C:\Users\HP\Desktop\Project\Bookstore\Backend\node_modules\regenerator-runtime\runtime.js:119:21)
    at asyncGeneratorStep (C:\Users\HP\Desktop\Project\Bookstore\Backend\node_modules\@babel\runtime\helpers\asyncToGenerator.js:3:24)
    at _next (C:\Users\HP\Desktop\Project\Bookstore\Backend\node_modules\@babel\runtime\helpers\asyncToGenerator.js:25:9)
    at processTicksAndRejections (node:internal/process/task_queues:96:5) 
    url - /api/v1/cart/cart 
    method - POST 
    IP - ::ffff:127.0.0.1
   {"timestamp":"2022-02-03T16:52:56.576Z"}
info: Server started at http://localhost:6000/api/v1/ {"timestamp":"2022-02-03T16:56:19.497Z"}
info: Connected to the database. {"timestamp":"2022-02-03T16:56:19.539Z"}
info: Server started at http://localhost:6000/api/v1/ {"timestamp":"2022-02-03T17:05:07.143Z"}
info: Connected to the database. {"timestamp":"2022-02-03T17:05:07.180Z"}
info: Server started at http://localhost:6000/api/v1/ {"timestamp":"2022-02-03T17:06:13.144Z"}
info: Connected to the database. {"timestamp":"2022-02-03T17:06:13.185Z"}
info: Server started at http://localhost:6000/api/v1/ {"timestamp":"2022-02-03T17:07:36.787Z"}
info: Connected to the database. {"timestamp":"2022-02-03T17:07:36.830Z"}
error: 
    status - 500 
    message - ReferenceError: data is not defined
    at _callee$ (C:\Users\HP\Desktop\Project\Bookstore\Backend\src\services\/cart.service.js:104:25)
    at tryCatch (C:\Users\HP\Desktop\Project\Bookstore\Backend\node_modules\regenerator-runtime\runtime.js:63:40)
    at Generator.invoke [as _invoke] (C:\Users\HP\Desktop\Project\Bookstore\Backend\node_modules\regenerator-runtime\runtime.js:294:22)
    at Generator.next (C:\Users\HP\Desktop\Project\Bookstore\Backend\node_modules\regenerator-runtime\runtime.js:119:21)
    at asyncGeneratorStep (C:\Users\HP\Desktop\Project\Bookstore\Backend\node_modules\@babel\runtime\helpers\asyncToGenerator.js:3:24)
    at _next (C:\Users\HP\Desktop\Project\Bookstore\Backend\node_modules\@babel\runtime\helpers\asyncToGenerator.js:25:9)
    at processTicksAndRejections (node:internal/process/task_queues:96:5) 
    url - /api/v1/cart/cart 
    method - POST 
    IP - ::ffff:127.0.0.1
   {"timestamp":"2022-02-03T17:07:39.747Z"}
info: Server started at http://localhost:6000/api/v1/ {"timestamp":"2022-02-03T17:09:54.715Z"}
info: Connected to the database. {"timestamp":"2022-02-03T17:09:54.751Z"}
error: 
    status - 500 
    message - ReferenceError: data is not defined
    at _callee$ (C:\Users\HP\Desktop\Project\Bookstore\Backend\src\services\/cart.service.js:104:25)
    at tryCatch (C:\Users\HP\Desktop\Project\Bookstore\Backend\node_modules\regenerator-runtime\runtime.js:63:40)
    at Generator.invoke [as _invoke] (C:\Users\HP\Desktop\Project\Bookstore\Backend\node_modules\regenerator-runtime\runtime.js:294:22)
    at Generator.next (C:\Users\HP\Desktop\Project\Bookstore\Backend\node_modules\regenerator-runtime\runtime.js:119:21)
    at asyncGeneratorStep (C:\Users\HP\Desktop\Project\Bookstore\Backend\node_modules\@babel\runtime\helpers\asyncToGenerator.js:3:24)
    at _next (C:\Users\HP\Desktop\Project\Bookstore\Backend\node_modules\@babel\runtime\helpers\asyncToGenerator.js:25:9)
    at processTicksAndRejections (node:internal/process/task_queues:96:5) 
    url - /api/v1/cart/cart 
    method - POST 
    IP - ::ffff:127.0.0.1
   {"timestamp":"2022-02-03T17:09:57.592Z"}
info: Server started at http://localhost:6000/api/v1/ {"timestamp":"2022-02-03T17:10:22.514Z"}
info: Connected to the database. {"timestamp":"2022-02-03T17:10:22.554Z"}
info: Server started at http://localhost:6000/api/v1/ {"timestamp":"2022-02-03T17:11:37.559Z"}
info: Connected to the database. {"timestamp":"2022-02-03T17:11:37.597Z"}
info: Server started at http://localhost:6000/api/v1/ {"timestamp":"2022-02-03T17:19:21.248Z"}
info: Connected to the database. {"timestamp":"2022-02-03T17:19:21.291Z"}
info: Server started at http://localhost:6000/api/v1/ {"timestamp":"2022-02-03T17:20:28.196Z"}
info: Connected to the database. {"timestamp":"2022-02-03T17:20:28.232Z"}
error: 
    status - 500 
    message - TypeError: _cart.default.save is not a function
    at _callee$ (C:\Users\HP\Desktop\Project\Bookstore\Backend\src\services\/cart.service.js:99:14)
    at tryCatch (C:\Users\HP\Desktop\Project\Bookstore\Backend\node_modules\regenerator-runtime\runtime.js:63:40)
    at Generator.invoke [as _invoke] (C:\Users\HP\Desktop\Project\Bookstore\Backend\node_modules\regenerator-runtime\runtime.js:294:22)
    at Generator.next (C:\Users\HP\Desktop\Project\Bookstore\Backend\node_modules\regenerator-runtime\runtime.js:119:21)
    at asyncGeneratorStep (C:\Users\HP\Desktop\Project\Bookstore\Backend\node_modules\@babel\runtime\helpers\asyncToGenerator.js:3:24)
    at _next (C:\Users\HP\Desktop\Project\Bookstore\Backend\node_modules\@babel\runtime\helpers\asyncToGenerator.js:25:9)
    at processTicksAndRejections (node:internal/process/task_queues:96:5) 
    url - /api/v1/cart/cart 
    method - POST 
    IP - ::ffff:127.0.0.1
   {"timestamp":"2022-02-03T17:20:31.683Z"}
info: Server started at http://localhost:6000/api/v1/ {"timestamp":"2022-02-03T17:21:39.246Z"}
info: Connected to the database. {"timestamp":"2022-02-03T17:21:39.284Z"}
info: Server started at http://localhost:6000/api/v1/ {"timestamp":"2022-02-03T17:23:09.494Z"}
info: Connected to the database. {"timestamp":"2022-02-03T17:23:09.532Z"}
info: Server started at http://localhost:6000/api/v1/ {"timestamp":"2022-02-03T18:06:06.051Z"}
info: Connected to the database. {"timestamp":"2022-02-03T18:06:06.085Z"}
error: 
    status - 500 
    message - ReferenceError: cartService is not defined
    at _callee2$ (C:\Users\HP\Desktop\Project\Bookstore\Backend\src\controllers\/book.controller.js:32:25)
    at tryCatch (C:\Users\HP\Desktop\Project\Bookstore\Backend\node_modules\regenerator-runtime\runtime.js:63:40)
    at Generator.invoke [as _invoke] (C:\Users\HP\Desktop\Project\Bookstore\Backend\node_modules\regenerator-runtime\runtime.js:294:22)
    at Generator.next (C:\Users\HP\Desktop\Project\Bookstore\Backend\node_modules\regenerator-runtime\runtime.js:119:21)
    at asyncGeneratorStep (C:\Users\HP\Desktop\Project\Bookstore\Backend\node_modules\@babel\runtime\helpers\asyncToGenerator.js:3:24)
    at _next (C:\Users\HP\Desktop\Project\Bookstore\Backend\node_modules\@babel\runtime\helpers\asyncToGenerator.js:25:9)
    at C:\Users\HP\Desktop\Project\Bookstore\Backend\node_modules\@babel\runtime\helpers\asyncToGenerator.js:32:7
    at new Promise (<anonymous>)
    at C:\Users\HP\Desktop\Project\Bookstore\Backend\node_modules\@babel\runtime\helpers\asyncToGenerator.js:21:12
    at getBooks (C:\Users\HP\Desktop\Project\Bookstore\Backend\src\controllers\/book.controller.js:32:22)
    at Layer.handle [as handle_request] (C:\Users\HP\Desktop\Project\Bookstore\Backend\node_modules\express\lib\router\layer.js:95:5)
    at next (C:\Users\HP\Desktop\Project\Bookstore\Backend\node_modules\express\lib\router\route.js:137:13)
    at Route.dispatch (C:\Users\HP\Desktop\Project\Bookstore\Backend\node_modules\express\lib\router\route.js:112:3)
    at Layer.handle [as handle_request] (C:\Users\HP\Desktop\Project\Bookstore\Backend\node_modules\express\lib\router\layer.js:95:5)
    at C:\Users\HP\Desktop\Project\Bookstore\Backend\node_modules\express\lib\router\index.js:281:22
    at Function.process_params (C:\Users\HP\Desktop\Project\Bookstore\Backend\node_modules\express\lib\router\index.js:341:12) 
    url - /api/v1/book/book 
    method - GET 
    IP - ::ffff:127.0.0.1
   {"timestamp":"2022-02-03T18:07:16.192Z"}
info: Server started at http://localhost:6000/api/v1/ {"timestamp":"2022-02-03T18:07:59.269Z"}
info: Connected to the database. {"timestamp":"2022-02-03T18:07:59.341Z"}
