info: Server started at http://localhost:6000/api/v1/ {"timestamp":"2022-02-07T02:23:44.057Z"}
info: Connected to the database. {"timestamp":"2022-02-07T02:23:44.103Z"}
info: Server started at http://localhost:5000/api/v1/ {"timestamp":"2022-02-07T02:35:18.099Z"}
info: Connected to the database. {"timestamp":"2022-02-07T02:35:18.149Z"}
error: 
    status - 500 
    message - undefined 
    url - /api/v1/user/signin 
    method - POST 
    IP - ::1
   {"timestamp":"2022-02-07T02:35:45.944Z"}
error: 
    status - 500 
    message - undefined 
    url - /api/v1/user/signin 
    method - POST 
    IP - ::1
   {"timestamp":"2022-02-07T02:41:31.423Z"}
error: 
    status - 500 
    message - ReferenceError: hash is not defined
    at _callee$ (C:\Users\HP\Desktop\Project\Bookstore\Backend\src\services\/user.service.js:32:17)
    at tryCatch (C:\Users\HP\Desktop\Project\Bookstore\Backend\node_modules\regenerator-runtime\runtime.js:63:40)
    at Generator.invoke [as _invoke] (C:\Users\HP\Desktop\Project\Bookstore\Backend\node_modules\regenerator-runtime\runtime.js:294:22)
    at Generator.next (C:\Users\HP\Desktop\Project\Bookstore\Backend\node_modules\regenerator-runtime\runtime.js:119:21)
    at asyncGeneratorStep (C:\Users\HP\Desktop\Project\Bookstore\Backend\node_modules\@babel\runtime\helpers\asyncToGenerator.js:3:24)
    at _next (C:\Users\HP\Desktop\Project\Bookstore\Backend\node_modules\@babel\runtime\helpers\asyncToGenerator.js:25:9)
    at processTicksAndRejections (node:internal/process/task_queues:96:5) 
    url - /api/v1/user/signup 
    method - POST 
    IP - ::ffff:127.0.0.1
   {"timestamp":"2022-02-07T02:42:28.181Z"}
info: Server started at http://localhost:5000/api/v1/ {"timestamp":"2022-02-07T02:44:28.505Z"}
info: Connected to the database. {"timestamp":"2022-02-07T02:44:28.558Z"}
info: Server started at http://localhost:5000/api/v1/ {"timestamp":"2022-02-07T10:41:52.885Z"}
info: Connected to the database. {"timestamp":"2022-02-07T10:41:52.922Z"}
error: 
    status - 500 
    message - undefined 
    url - /api/v1/user/signin 
    method - POST 
    IP - ::ffff:127.0.0.1
   {"timestamp":"2022-02-07T10:42:21.710Z"}
info: Server started at http://localhost:5000/api/v1/ {"timestamp":"2022-02-07T12:57:03.866Z"}
info: Connected to the database. {"timestamp":"2022-02-07T12:57:03.896Z"}
info: Server started at http://localhost:5000/api/v1/ {"timestamp":"2022-02-07T12:57:26.523Z"}
info: Connected to the database. {"timestamp":"2022-02-07T12:57:26.557Z"}
info: Connected to the database. {"timestamp":"2022-02-07T13:02:50.000Z"}
info: Server started at http://localhost:4000/api/v1/ {"timestamp":"2022-02-07T13:03:45.344Z"}
info: Connected to the database. {"timestamp":"2022-02-07T13:03:45.388Z"}
info: Server started at http://localhost:4000/api/v1/ {"timestamp":"2022-02-07T13:25:24.472Z"}
info: Connected to the database. {"timestamp":"2022-02-07T13:25:24.505Z"}
info: Connected to the database. {"timestamp":"2022-02-07T13:43:37.211Z"}
info: Server started at http://localhost:9000/api/v1/ {"timestamp":"2022-02-07T13:44:23.919Z"}
info: Connected to the database. {"timestamp":"2022-02-07T13:44:23.960Z"}
error: 
      status - 400
      message - Authorization token is required 
      url - /api/v1/wishlist/wishlist/undefined 
      method - POST 
      IP - ::1
     {"timestamp":"2022-02-07T14:17:27.956Z"}
error: 
      status - 400
      message - Authorization token is required 
      url - /api/v1/wishlist/wishlist/6200f7f29fcbc61d6c4ef77a 
      method - POST 
      IP - ::1
     {"timestamp":"2022-02-07T14:18:27.751Z"}
error: 
      status - 400
      message - Authorization token is required 
      url - /api/v1/wishlist/wishlist/6200f7f29fcbc61d6c4ef77a 
      method - POST 
      IP - ::1
     {"timestamp":"2022-02-07T14:19:27.656Z"}
info: Server started at http://localhost:9000/api/v1/ {"timestamp":"2022-02-07T16:39:40.591Z"}
info: Connected to the database. {"timestamp":"2022-02-07T16:39:40.649Z"}
error: 
      status - 400
      message - Authorization token is required 
      url - /api/v1/wishlist/wishlist 
      method - GET 
      IP - ::1
     {"timestamp":"2022-02-07T17:50:33.089Z"}
error: 
      status - 400
      message - Authorization token is required 
      url - /api/v1/wishlist/wishlist 
      method - GET 
      IP - ::1
     {"timestamp":"2022-02-07T17:50:39.054Z"}
info: Server started at http://localhost:9000/api/v1/ {"timestamp":"2022-02-07T17:56:32.502Z"}
info: Connected to the database. {"timestamp":"2022-02-07T17:56:32.540Z"}
info: Server started at http://localhost:9000/api/v1/ {"timestamp":"2022-02-07T17:57:16.622Z"}
info: Connected to the database. {"timestamp":"2022-02-07T17:57:16.663Z"}
info: Server started at http://localhost:9000/api/v1/ {"timestamp":"2022-02-07T17:58:00.433Z"}
info: Connected to the database. {"timestamp":"2022-02-07T17:58:00.474Z"}
info: Server started at http://localhost:9000/api/v1/ {"timestamp":"2022-02-07T18:22:01.579Z"}
info: Connected to the database. {"timestamp":"2022-02-07T18:22:01.618Z"}
info: Server started at http://localhost:9000/api/v1/ {"timestamp":"2022-02-07T18:26:07.444Z"}
info: Connected to the database. {"timestamp":"2022-02-07T18:26:07.487Z"}
